Using pre-set license
Built from '2020.2/staging' branch; Version is '2020.2.6f1 (8a2143876886) revision 9052483'; Using compiler version '192528614'; Build Type 'Release'
OS: 'Windows 10 Pro; OS build 18363.1440; Version 1909; 64bit' Language: 'pt' Physical Memory: 14267 MB
BatchMode: 1, IsHumanControllingUs: 0, StartBugReporterOnCrash: 0, Is64bit: 1, IsPro: 0

 COMMAND LINE ARGUMENTS:
C:\Program Files\Unity\Hub\Editor\2020.2.6f1\Editor\Unity.exe
-adb2
-batchMode
-noUpm
-name
AssetImportWorker2
-projectPath
D:/Unity/Fukushima-GitHub/Git/Fukushima (nome super normal)
-logFile
Logs/AssetImportWorker2.log
-srvPort
64684
Successfully changed project path to: D:/Unity/Fukushima-GitHub/Git/Fukushima (nome super normal)
D:/Unity/Fukushima-GitHub/Git/Fukushima (nome super normal)
Using Asset Import Pipeline V2.
Refreshing native plugins compatible for Editor in 88.49 ms, found 0 plugins.
Preloading 0 native plugins for Editor in 0.00 ms.
Initialize engine version: 2020.2.6f1 (8a2143876886)
[Subsystems] Discovering subsystems at path C:/Program Files/Unity/Hub/Editor/2020.2.6f1/Editor/Data/Resources/UnitySubsystems
[Subsystems] Discovering subsystems at path D:/Unity/Fukushima-GitHub/Git/Fukushima (nome super normal)/Assets
GfxDevice: creating device client; threaded=0
Direct3D:
    Version:  Direct3D 11.0 [level 11.1]
    Renderer: NVIDIA GeForce GTX 1050 Ti (ID=0x1c82)
    Vendor:   
    VRAM:     4018 MB
    Driver:   27.21.14.5671
Initialize mono
Mono path[0] = 'C:/Program Files/Unity/Hub/Editor/2020.2.6f1/Editor/Data/Managed'
Mono path[1] = 'C:/Program Files/Unity/Hub/Editor/2020.2.6f1/Editor/Data/MonoBleedingEdge/lib/mono/unityjit'
Mono config path = 'C:/Program Files/Unity/Hub/Editor/2020.2.6f1/Editor/Data/MonoBleedingEdge/etc'
Using monoOptions --debugger-agent=transport=dt_socket,embedding=1,server=y,suspend=n,address=127.0.0.1:56728
Begin MonoManager ReloadAssembly
Registering precompiled unity dll's ...
Register platform support module: C:/Program Files/Unity/Hub/Editor/2020.2.6f1/Editor/Data/PlaybackEngines/MacStandaloneSupport/UnityEditor.OSXStandalone.Extensions.dll
Register platform support module: C:/Program Files/Unity/Hub/Editor/2020.2.6f1/Editor/Data/PlaybackEngines/WindowsStandaloneSupport/UnityEditor.WindowsStandalone.Extensions.dll
Registered in 0.002878 seconds.
Native extension for WindowsStandalone target not found
Native extension for OSXStandalone target not found
Refreshing native plugins compatible for Editor in 70.81 ms, found 0 plugins.
Preloading 0 native plugins for Editor in 0.00 ms.
Invoked RoslynAnalysisRunner static constructor.
RoslynAnalysisRunner will not be running.
RoslynAnalysisRunner has terminated.
Mono: successfully reloaded assembly
- Completed reload, in  1.699 seconds
Platform modules already initialized, skipping
Registering precompiled user dll's ...
Registered in 0.001440 seconds.
Begin MonoManager ReloadAssembly
Native extension for WindowsStandalone target not found
Native extension for OSXStandalone target not found
Refreshing native plugins compatible for Editor in 75.63 ms, found 0 plugins.
Preloading 0 native plugins for Editor in 0.00 ms.
Invoked RoslynAnalysisRunner static constructor.
RoslynAnalysisRunner will not be running.
RoslynAnalysisRunner has terminated.
Mono: successfully reloaded assembly
- Completed reload, in  3.009 seconds
Platform modules already initialized, skipping
========================================================================
Worker process is ready to serve import requests
Shader 'Universal Render Pipeline/Particles/Lit': fallback shader 'Universal Render Pipeline/Particles/SimpleLit' not found
Shader 'Universal Render Pipeline/Particles/Lit': fallback shader 'Universal Render Pipeline/Particles/SimpleLit' not found
Launched and connected shader compiler UnityShaderCompiler.exe after 0.12 seconds
Refreshing native plugins compatible for Editor in 0.83 ms, found 0 plugins.
Preloading 0 native plugins for Editor in 0.00 ms.
Unloading 2913 Unused Serialized files (Serialized files now loaded: 0)
System memory in use before: 167.3 MB.
System memory in use after: 165.9 MB.

Unloading 120 unused Assets to reduce memory usage. Loaded Objects now: 3342.
Total: 6.051000 ms (FindLiveObjects: 0.770000 ms CreateObjectMapping: 0.333700 ms MarkObjects: 3.453500 ms  DeleteObjects: 1.491400 ms)

========================================================================
Received Import Request.
  path: Assets/_Fukushima/Modelos/Delegacia
  artifactKey: Guid(851725706c4dea8449c42d26fb5c0d12) Importer(815301076,1909f56bfc062723c751e8b465ee728b)
Start importing Assets/_Fukushima/Modelos/Delegacia using Guid(851725706c4dea8449c42d26fb5c0d12) Importer(815301076,1909f56bfc062723c751e8b465ee728b)  -> (artifact id: '0f76ac33d762504b25e59cd5e7bfd3f1') in 0.032606 seconds
  Import took 0.038837 seconds .

========================================================================
Received Import Request.
  Time since last request: 252.292658 seconds.
  path: Assets/_Fukushima/Sala_Delegado.png
  artifactKey: Guid(172684c17ac24644594e48976f761f5b) Importer(815301076,1909f56bfc062723c751e8b465ee728b)
Start importing Assets/_Fukushima/Sala_Delegado.png using Guid(172684c17ac24644594e48976f761f5b) Importer(815301076,1909f56bfc062723c751e8b465ee728b)  -> (artifact id: 'd07dde489a03095914685235b8f1ea62') in 0.108203 seconds
  Import took 0.131117 seconds .

========================================================================
Received Import Request.
  Time since last request: 5.759058 seconds.
  path: Assets/_Fukushima/Sala_Delegado.png
  artifactKey: Guid(172684c17ac24644594e48976f761f5b) Importer(815301076,1909f56bfc062723c751e8b465ee728b)
Start importing Assets/_Fukushima/Sala_Delegado.png using Guid(172684c17ac24644594e48976f761f5b) Importer(815301076,1909f56bfc062723c751e8b465ee728b)  -> (artifact id: 'a62a5c44c16cb56993e484da9a4891bd') in 0.055904 seconds
  Import took 0.076410 seconds .

========================================================================
Received Import Request.
  Time since last request: 197.197392 seconds.
  path: Assets/_Fukushima/Modelos/Delegacia/book-case
  artifactKey: Guid(3f4fd5ea178b5224ca0d7a8573fbb31a) Importer(815301076,1909f56bfc062723c751e8b465ee728b)
Start importing Assets/_Fukushima/Modelos/Delegacia/book-case using Guid(3f4fd5ea178b5224ca0d7a8573fbb31a) Importer(815301076,1909f56bfc062723c751e8b465ee728b)  -> (artifact id: 'd432853e03e8ed9695578d7843848c8d') in 0.008571 seconds
  Import took 0.033369 seconds .

========================================================================
Received Import Request.
  Time since last request: 0.996257 seconds.
  path: Assets/_Fukushima/Modelos/Delegacia/book-case/source
  artifactKey: Guid(212a7f226ec57434790d78355112369c) Importer(815301076,1909f56bfc062723c751e8b465ee728b)
Start importing Assets/_Fukushima/Modelos/Delegacia/book-case/source using Guid(212a7f226ec57434790d78355112369c) Importer(815301076,1909f56bfc062723c751e8b465ee728b)  -> (artifact id: 'f474601ad04869b3accdacbf5e3d0dfd') in 0.007641 seconds
  Import took 0.044711 seconds .

========================================================================
Received Import Request.
  Time since last request: 0.688461 seconds.
  path: Assets/_Fukushima/Modelos/Delegacia/book-case/source/model
  artifactKey: Guid(aba97d019f138e84d97d2dfbe6543f5b) Importer(815301076,1909f56bfc062723c751e8b465ee728b)
Start importing Assets/_Fukushima/Modelos/Delegacia/book-case/source/model using Guid(aba97d019f138e84d97d2dfbe6543f5b) Importer(815301076,1909f56bfc062723c751e8b465ee728b)  -> (artifact id: '8b74e70ca0ce83ff46ef9b366b54009d') in 0.009800 seconds
  Import took 0.061200 seconds .

========================================================================
Received Import Request.
  Time since last request: 35.941438 seconds.
  path: Assets/_Fukushima/Modelos/Delegacia/book-case/source/model/model.dae
  artifactKey: Guid(c8f6952424ab066499a5b1bc9bfcee6a) Importer(815301076,1909f56bfc062723c751e8b465ee728b)
Start importing Assets/_Fukushima/Modelos/Delegacia/book-case/source/model/model.dae using Guid(c8f6952424ab066499a5b1bc9bfcee6a) Importer(815301076,1909f56bfc062723c751e8b465ee728b)  -> (artifact id: '6a23a33c4ba0657c9ba8daced751b58a') in 0.381681 seconds
  Import took 0.388599 seconds .

========================================================================
Received Import Request.
  Time since last request: 6.930631 seconds.
  path: Assets/_Fukushima/Modelos/Delegacia/book-case/source/model/model.dae
  artifactKey: Guid(c8f6952424ab066499a5b1bc9bfcee6a) Importer(815301076,1909f56bfc062723c751e8b465ee728b)
Start importing Assets/_Fukushima/Modelos/Delegacia/book-case/source/model/model.dae using Guid(c8f6952424ab066499a5b1bc9bfcee6a) Importer(815301076,1909f56bfc062723c751e8b465ee728b)  -> (artifact id: '1622432794bf4565ca2798152a57e359') in 0.067920 seconds
  Import took 0.074201 seconds .

========================================================================
Received Import Request.
  Time since last request: 2.026478 seconds.
  path: Assets/_Fukushima/Modelos/Delegacia/book-case/source/model/textures
  artifactKey: Guid(17fbb067f38ec5340824f72b71f731d0) Importer(815301076,1909f56bfc062723c751e8b465ee728b)
Start importing Assets/_Fukushima/Modelos/Delegacia/book-case/source/model/textures using Guid(17fbb067f38ec5340824f72b71f731d0) Importer(815301076,1909f56bfc062723c751e8b465ee728b)  -> (artifact id: '6d79f323aba437e2dacb52e5b7dfb4f3') in 0.010416 seconds
  Import took 0.033870 seconds .

========================================================================
Received Import Request.
  Time since last request: 74.524939 seconds.
  path: Assets/_Fukushima/Modelos/Delegacia/brett-table-lamp-wood-and-brushed-copper/source
  artifactKey: Guid(4ca4e7af22de0f341aa0749c552d4bc0) Importer(815301076,1909f56bfc062723c751e8b465ee728b)
Start importing Assets/_Fukushima/Modelos/Delegacia/brett-table-lamp-wood-and-brushed-copper/source using Guid(4ca4e7af22de0f341aa0749c552d4bc0) Importer(815301076,1909f56bfc062723c751e8b465ee728b)  -> (artifact id: '79fc448aca38d507131e3dde1bdf65b5') in 0.003483 seconds
  Import took 0.021218 seconds .

========================================================================
Received Import Request.
  Time since last request: 1.129168 seconds.
  path: Assets/_Fukushima/Modelos/Delegacia/brett-table-lamp-wood-and-brushed-copper/source/Brett Table Lamp.fbx
  artifactKey: Guid(67623b597ed3de84e9f1688700dc3d71) Importer(815301076,1909f56bfc062723c751e8b465ee728b)
Start importing Assets/_Fukushima/Modelos/Delegacia/brett-table-lamp-wood-and-brushed-copper/source/Brett Table Lamp.fbx using Guid(67623b597ed3de84e9f1688700dc3d71) Importer(815301076,1909f56bfc062723c751e8b465ee728b)  -> (artifact id: 'd7debe8efe11cf21d8b9d0d847aee4eb') in 0.099146 seconds
  Import took 0.144700 seconds .

========================================================================
Received Import Request.
  Time since last request: 12.341574 seconds.
  path: Assets/_Fukushima/Modelos/Delegacia/sofa-web
  artifactKey: Guid(5c62695d7ff4d794593301cce0a32d3e) Importer(815301076,1909f56bfc062723c751e8b465ee728b)
Start importing Assets/_Fukushima/Modelos/Delegacia/sofa-web using Guid(5c62695d7ff4d794593301cce0a32d3e) Importer(815301076,1909f56bfc062723c751e8b465ee728b)  -> (artifact id: '2b6d4ebcf994f1adb83744f633aa80a5') in 0.008336 seconds
  Import took 0.034087 seconds .

========================================================================
Received Import Request.
  Time since last request: 1.161352 seconds.
  path: Assets/_Fukushima/Modelos/Delegacia/sofa-web/source
  artifactKey: Guid(dc8e3572862ef7f40966d52afe0e2d75) Importer(815301076,1909f56bfc062723c751e8b465ee728b)
Start importing Assets/_Fukushima/Modelos/Delegacia/sofa-web/source using Guid(dc8e3572862ef7f40966d52afe0e2d75) Importer(815301076,1909f56bfc062723c751e8b465ee728b)  -> (artifact id: '45f4b70986e7c126885ba87850340089') in 0.003815 seconds
  Import took 0.009398 seconds .

========================================================================
Received Import Request.
  Time since last request: 0.661015 seconds.
  path: Assets/_Fukushima/Modelos/Delegacia/sofa-web/source/SofaWeb.fbx
  artifactKey: Guid(b31aec4574c3c3340a03b3b0acd1cf36) Importer(815301076,1909f56bfc062723c751e8b465ee728b)
Start importing Assets/_Fukushima/Modelos/Delegacia/sofa-web/source/SofaWeb.fbx using Guid(b31aec4574c3c3340a03b3b0acd1cf36) Importer(815301076,1909f56bfc062723c751e8b465ee728b)  -> (artifact id: '9a34ca389b6998b9d8769674ececc7b5') in 0.084330 seconds
  Import took 0.107496 seconds .

========================================================================
Received Import Request.
  Time since last request: 8.273511 seconds.
  path: Assets/_Fukushima/Modelos/Delegacia/sofa-web/source/SofaWeb.fbx
  artifactKey: Guid(b31aec4574c3c3340a03b3b0acd1cf36) Importer(815301076,1909f56bfc062723c751e8b465ee728b)
Start importing Assets/_Fukushima/Modelos/Delegacia/sofa-web/source/SofaWeb.fbx using Guid(b31aec4574c3c3340a03b3b0acd1cf36) Importer(815301076,1909f56bfc062723c751e8b465ee728b)  -> (artifact id: '515c72ec31fd5bc9aa36bdb0e5e6dcd1') in 0.081588 seconds
  Import took 0.123550 seconds .

========================================================================
Received Import Request.
  Time since last request: 52.312681 seconds.
  path: Assets/_Fukushima/Modelos/Delegacia/sofa-web/source/SofaWeb.fbx
  artifactKey: Guid(b31aec4574c3c3340a03b3b0acd1cf36) Importer(815301076,1909f56bfc062723c751e8b465ee728b)
Start importing Assets/_Fukushima/Modelos/Delegacia/sofa-web/source/SofaWeb.fbx using Guid(b31aec4574c3c3340a03b3b0acd1cf36) Importer(815301076,1909f56bfc062723c751e8b465ee728b)  -> (artifact id: '575ac24a801c0a854355f35fbe798b87') in 0.102514 seconds
  Import took 0.122555 seconds .

========================================================================
Received Import Request.
  Time since last request: 12.529222 seconds.
  path: Assets/_Fukushima/Modelos/Delegacia/sofa-web/source/SofaWeb.fbx
  artifactKey: Guid(b31aec4574c3c3340a03b3b0acd1cf36) Importer(815301076,1909f56bfc062723c751e8b465ee728b)
Start importing Assets/_Fukushima/Modelos/Delegacia/sofa-web/source/SofaWeb.fbx using Guid(b31aec4574c3c3340a03b3b0acd1cf36) Importer(815301076,1909f56bfc062723c751e8b465ee728b)  -> (artifact id: 'dc4781d686dee261a9cecf9b22ba3dcd') in 0.065684 seconds
  Import took 0.093119 seconds .

========================================================================
Received Import Request.
  Time since last request: 90.443928 seconds.
  path: Assets/_Fukushima/Modelos/Delegacia/sofa-web/source/SofaWeb.fbx
  artifactKey: Guid(b31aec4574c3c3340a03b3b0acd1cf36) Importer(815301076,1909f56bfc062723c751e8b465ee728b)
Start importing Assets/_Fukushima/Modelos/Delegacia/sofa-web/source/SofaWeb.fbx using Guid(b31aec4574c3c3340a03b3b0acd1cf36) Importer(815301076,1909f56bfc062723c751e8b465ee728b)  -> (artifact id: '6b6cf3eba4b1dbb70a69906acb01f003') in 0.081573 seconds
  Import took 0.104531 seconds .

========================================================================
Received Import Request.
  Time since last request: 710.508881 seconds.
  path: Assets/_Fukushima/Modelos/Delegacia/cadeira-zazen
  artifactKey: Guid(5e6bdfa2258be334a8cc5d49d808ffa9) Importer(815301076,1909f56bfc062723c751e8b465ee728b)
Start importing Assets/_Fukushima/Modelos/Delegacia/cadeira-zazen using Guid(5e6bdfa2258be334a8cc5d49d808ffa9) Importer(815301076,1909f56bfc062723c751e8b465ee728b)  -> (artifact id: '9799ba54a629332c13fbf4fed970cd28') in 0.009832 seconds
  Import took 0.016043 seconds .

========================================================================
Received Import Request.
  Time since last request: 1.051063 seconds.
  path: Assets/_Fukushima/Modelos/Delegacia/cadeira-zazen/source
  artifactKey: Guid(9ec4ff0db773f60498c189fd5a5a8348) Importer(815301076,1909f56bfc062723c751e8b465ee728b)
Start importing Assets/_Fukushima/Modelos/Delegacia/cadeira-zazen/source using Guid(9ec4ff0db773f60498c189fd5a5a8348) Importer(815301076,1909f56bfc062723c751e8b465ee728b)  -> (artifact id: 'eecb8d9c41affbdcf9ca7b26bb81385d') in 0.021056 seconds
  Import took 0.042033 seconds .

========================================================================
Received Import Request.
  Time since last request: 19.381608 seconds.
  path: Assets/_Fukushima/Modelos/Delegacia/cadeira-zazen/source/Cadeira Zazen.fbx
  artifactKey: Guid(eb95d07f51312694e95583640b1cef34) Importer(815301076,1909f56bfc062723c751e8b465ee728b)
Start importing Assets/_Fukushima/Modelos/Delegacia/cadeira-zazen/source/Cadeira Zazen.fbx using Guid(eb95d07f51312694e95583640b1cef34) Importer(815301076,1909f56bfc062723c751e8b465ee728b)  -> (artifact id: 'e05ae19fb1014c2c0be5e915b35df073') in 0.334831 seconds
  Import took 0.363219 seconds .

========================================================================
Received Import Request.
  Time since last request: 27.850520 seconds.
  path: Assets/_Fukushima/Modelos/Delegacia/cadeira-zazen/source/Cadeira Zazen.prefab
  artifactKey: Guid(70c0af4da99f19142820d7cd47a3f590) Importer(815301076,1909f56bfc062723c751e8b465ee728b)
Start importing Assets/_Fukushima/Modelos/Delegacia/cadeira-zazen/source/Cadeira Zazen.prefab using Guid(70c0af4da99f19142820d7cd47a3f590) Importer(815301076,1909f56bfc062723c751e8b465ee728b)  -> (artifact id: '27a0c167aff87e209f8748c370863abe') in 0.104958 seconds
  Import took 0.116704 seconds .

========================================================================
Received Import Request.
  Time since last request: 1276.934730 seconds.
  path: Assets/_Fukushima/Modelos/Delegacia/tv-cabinets
  artifactKey: Guid(f696623f368ee0d4490955c017306f16) Importer(815301076,1909f56bfc062723c751e8b465ee728b)
Start importing Assets/_Fukushima/Modelos/Delegacia/tv-cabinets using Guid(f696623f368ee0d4490955c017306f16) Importer(815301076,1909f56bfc062723c751e8b465ee728b)  -> (artifact id: '94915fb1df5e91bbde30117e58c15ecb') in 0.010423 seconds
  Import took 0.016343 seconds .

========================================================================
Received Import Request.
  Time since last request: 0.957463 seconds.
  path: Assets/_Fukushima/Modelos/Delegacia/tv-cabinets/source
  artifactKey: Guid(4ecf577cf61cef740bc2b9a5a9d8ed64) Importer(815301076,1909f56bfc062723c751e8b465ee728b)
Start importing Assets/_Fukushima/Modelos/Delegacia/tv-cabinets/source using Guid(4ecf577cf61cef740bc2b9a5a9d8ed64) Importer(815301076,1909f56bfc062723c751e8b465ee728b)  -> (artifact id: '878bdf03ceff139304c0fe5371154d94') in 0.002977 seconds
  Import took 0.030424 seconds .

========================================================================
Received Import Request.
  Time since last request: 0.609674 seconds.
  path: Assets/_Fukushima/Modelos/Delegacia/tv-cabinets/source/Tu_TV
  artifactKey: Guid(7ee402fafbcf4cd4eb92fdd1d4bbd0bf) Importer(815301076,1909f56bfc062723c751e8b465ee728b)
Start importing Assets/_Fukushima/Modelos/Delegacia/tv-cabinets/source/Tu_TV using Guid(7ee402fafbcf4cd4eb92fdd1d4bbd0bf) Importer(815301076,1909f56bfc062723c751e8b465ee728b)  -> (artifact id: '656e85bdf5162a33506842f2019de17c') in 0.009254 seconds
  Import took 0.015517 seconds .

========================================================================
Received Import Request.
  Time since last request: 1.317680 seconds.
  path: Assets/_Fukushima/Modelos/Delegacia/tv-cabinets/source/Tu_TV/TV_Box.FBX
  artifactKey: Guid(cda4eaf962f66f348b4d23827738d364) Importer(815301076,1909f56bfc062723c751e8b465ee728b)
Start importing Assets/_Fukushima/Modelos/Delegacia/tv-cabinets/source/Tu_TV/TV_Box.FBX using Guid(cda4eaf962f66f348b4d23827738d364) Importer(815301076,1909f56bfc062723c751e8b465ee728b)  -> (artifact id: 'cc7f45bca61add5fbb3cb62f0776ddb4') in 0.052986 seconds
  Import took 0.071188 seconds .

========================================================================
Received Import Request.
  Time since last request: 5.260282 seconds.
  path: Assets/_Fukushima/Modelos/Delegacia/tv-cabinets/source/Tu_TV/TV_Box.FBX
  artifactKey: Guid(cda4eaf962f66f348b4d23827738d364) Importer(815301076,1909f56bfc062723c751e8b465ee728b)
Start importing Assets/_Fukushima/Modelos/Delegacia/tv-cabinets/source/Tu_TV/TV_Box.FBX using Guid(cda4eaf962f66f348b4d23827738d364) Importer(815301076,1909f56bfc062723c751e8b465ee728b)  -> (artifact id: '25728a20a8c617792a8e19cc6cc907ee') in 0.030492 seconds
  Import took 0.090360 seconds .

========================================================================
Received Import Request.
  Time since last request: 3.274665 seconds.
  path: Assets/_Fukushima/Modelos/Delegacia/tv-cabinets/source/Tu_TV/TV_Box.FBX
  artifactKey: Guid(cda4eaf962f66f348b4d23827738d364) Importer(815301076,1909f56bfc062723c751e8b465ee728b)
Start importing Assets/_Fukushima/Modelos/Delegacia/tv-cabinets/source/Tu_TV/TV_Box.FBX using Guid(cda4eaf962f66f348b4d23827738d364) Importer(815301076,1909f56bfc062723c751e8b465ee728b)  -> (artifact id: '395d1809b37565cf2b8a434f4140e820') in 0.026896 seconds
  Import took 0.033234 seconds .

========================================================================
Received Import Request.
  Time since last request: 0.005206 seconds.
  path: Assets/_Fukushima/Modelos/Delegacia/tv-cabinets/source/Tu_TV/TV_Box.FBX
  artifactKey: Guid(cda4eaf962f66f348b4d23827738d364) Importer(815301076,1909f56bfc062723c751e8b465ee728b)
Start importing Assets/_Fukushima/Modelos/Delegacia/tv-cabinets/source/Tu_TV/TV_Box.FBX using Guid(cda4eaf962f66f348b4d23827738d364) Importer(815301076,1909f56bfc062723c751e8b465ee728b)  -> (artifact id: '395d1809b37565cf2b8a434f4140e820') in 0.021131 seconds
  Import took 0.027401 seconds .

========================================================================
Received Import Request.
  Time since last request: 33.195480 seconds.
  path: Assets/_Fukushima/Modelos/Delegacia/plant
  artifactKey: Guid(45effdefb25bce14e96215298622db47) Importer(815301076,1909f56bfc062723c751e8b465ee728b)
Start importing Assets/_Fukushima/Modelos/Delegacia/plant using Guid(45effdefb25bce14e96215298622db47) Importer(815301076,1909f56bfc062723c751e8b465ee728b)  -> (artifact id: '47341f15545e751a04a65bb6d87f1f84') in 0.008174 seconds
  Import took 0.014166 seconds .

========================================================================
Received Import Request.
  Time since last request: 1.392363 seconds.
  path: Assets/_Fukushima/Modelos/Delegacia/plant/source
  artifactKey: Guid(232d7bb37446f2146bf2c29e3fc5c588) Importer(815301076,1909f56bfc062723c751e8b465ee728b)
Start importing Assets/_Fukushima/Modelos/Delegacia/plant/source using Guid(232d7bb37446f2146bf2c29e3fc5c588) Importer(815301076,1909f56bfc062723c751e8b465ee728b)  -> (artifact id: '5ca396bb1148fc7a7eb710ab3ac9402c') in 0.003143 seconds
  Import took 0.033884 seconds .

========================================================================
Received Import Request.
  Time since last request: 189.365069 seconds.
  path: Assets/_Fukushima/Modelos/Delegacia/plant/source/plant.fbx
  artifactKey: Guid(9f333655e5a95344abb4fb33c7d5a330) Importer(815301076,1909f56bfc062723c751e8b465ee728b)
Start importing Assets/_Fukushima/Modelos/Delegacia/plant/source/plant.fbx using Guid(9f333655e5a95344abb4fb33c7d5a330) Importer(815301076,1909f56bfc062723c751e8b465ee728b)  -> (artifact id: '100a1a79639e9a2d3c14ca9de054a965') in 0.138384 seconds
  Import took 0.144317 seconds .

========================================================================
Received Import Request.
  Time since last request: 32.388370 seconds.
  path: Assets/_Fukushima/Modelos/Delegacia/plant/source/plant.fbx
  artifactKey: Guid(9f333655e5a95344abb4fb33c7d5a330) Importer(815301076,1909f56bfc062723c751e8b465ee728b)
Start importing Assets/_Fukushima/Modelos/Delegacia/plant/source/plant.fbx using Guid(9f333655e5a95344abb4fb33c7d5a330) Importer(815301076,1909f56bfc062723c751e8b465ee728b)  -> (artifact id: '869385c95d04d74dd98454399a3378fe') in 0.051761 seconds
  Import took 0.058280 seconds .

========================================================================
Received Import Request.
  Time since last request: 124.515930 seconds.
  path: Assets/_Fukushima/Modelos/Delegacia/sofa-web/SofaWeb.prefab
  artifactKey: Guid(3ead1d82d10152c4da30f31cb74c863b) Importer(815301076,1909f56bfc062723c751e8b465ee728b)
Start importing Assets/_Fukushima/Modelos/Delegacia/sofa-web/SofaWeb.prefab using Guid(3ead1d82d10152c4da30f31cb74c863b) Importer(815301076,1909f56bfc062723c751e8b465ee728b)  -> (artifact id: '7172491b344f8f82f6edbcd46b3da765') in 0.074150 seconds
  Import took 0.080208 seconds .

========================================================================
Received Import Request.
  Time since last request: 9.114834 seconds.
  path: Assets/_Fukushima/Modelos/Delegacia/model.prefab
  artifactKey: Guid(434f8627bffe8054dad9a36bb781b99e) Importer(815301076,1909f56bfc062723c751e8b465ee728b)
Start importing Assets/_Fukushima/Modelos/Delegacia/model.prefab using Guid(434f8627bffe8054dad9a36bb781b99e) Importer(815301076,1909f56bfc062723c751e8b465ee728b)  -> (artifact id: '28a99516a45588f798b0e2c11a68a1e0') in 0.025951 seconds
  Import took 0.038227 seconds .

========================================================================
Received Import Request.
  Time since last request: 0.001959 seconds.
  path: Assets/_Fukushima/Modelos/Delegacia/model.prefab
  artifactKey: Guid(434f8627bffe8054dad9a36bb781b99e) Importer(815301076,1909f56bfc062723c751e8b465ee728b)
Start importing Assets/_Fukushima/Modelos/Delegacia/model.prefab using Guid(434f8627bffe8054dad9a36bb781b99e) Importer(815301076,1909f56bfc062723c751e8b465ee728b)  -> (artifact id: '28a99516a45588f798b0e2c11a68a1e0') in 0.017750 seconds
  Import took 0.024672 seconds .

========================================================================
Received Import Request.
  Time since last request: 4.832775 seconds.
  path: Assets/_Fukushima/Modelos/Delegacia/tv-cabinets/TV_Box.prefab
  artifactKey: Guid(47aeac1e26e5f354bb5e3550514dac81) Importer(815301076,1909f56bfc062723c751e8b465ee728b)
Start importing Assets/_Fukushima/Modelos/Delegacia/tv-cabinets/TV_Box.prefab using Guid(47aeac1e26e5f354bb5e3550514dac81) Importer(815301076,1909f56bfc062723c751e8b465ee728b)  -> (artifact id: '1270cc45a69643b54b6c21cd3fefff25') in 0.026647 seconds
  Import took 0.053293 seconds .

========================================================================
Received Import Request.
  Time since last request: 0.002151 seconds.
  path: Assets/_Fukushima/Modelos/Delegacia/tv-cabinets/TV_Box.prefab
  artifactKey: Guid(47aeac1e26e5f354bb5e3550514dac81) Importer(815301076,1909f56bfc062723c751e8b465ee728b)
Start importing Assets/_Fukushima/Modelos/Delegacia/tv-cabinets/TV_Box.prefab using Guid(47aeac1e26e5f354bb5e3550514dac81) Importer(815301076,1909f56bfc062723c751e8b465ee728b)  -> (artifact id: '1270cc45a69643b54b6c21cd3fefff25') in 0.016250 seconds
  Import took 0.022688 seconds .

========================================================================
Received Import Request.
  Time since last request: 3.129989 seconds.
  path: Assets/_Fukushima/Modelos/Delegacia/plant/plant.prefab
  artifactKey: Guid(06ce86861ad0f484a84496b53641cda1) Importer(815301076,1909f56bfc062723c751e8b465ee728b)
Start importing Assets/_Fukushima/Modelos/Delegacia/plant/plant.prefab using Guid(06ce86861ad0f484a84496b53641cda1) Importer(815301076,1909f56bfc062723c751e8b465ee728b)  -> (artifact id: 'fff175873d836c9b9d8c72900bd16771') in 0.023832 seconds
  Import took 0.030485 seconds .

========================================================================
Received Import Request.
  Time since last request: 0.009610 seconds.
  path: Assets/_Fukushima/Modelos/Delegacia/plant/plant.prefab
  artifactKey: Guid(06ce86861ad0f484a84496b53641cda1) Importer(815301076,1909f56bfc062723c751e8b465ee728b)
Start importing Assets/_Fukushima/Modelos/Delegacia/plant/plant.prefab using Guid(06ce86861ad0f484a84496b53641cda1) Importer(815301076,1909f56bfc062723c751e8b465ee728b)  -> (artifact id: 'fff175873d836c9b9d8c72900bd16771') in 0.016435 seconds
  Import took 0.022935 seconds .

========================================================================
Received Prepare
Registering precompiled user dll's ...
Registered in 0.003274 seconds.
Begin MonoManager ReloadAssembly
Native extension for WindowsStandalone target not found
Native extension for OSXStandalone target not found
Refreshing native plugins compatible for Editor in 1.99 ms, found 0 plugins.
Preloading 0 native plugins for Editor in 0.00 ms.
Warning: Annotation not found!
UnityEngine.StackTraceUtility:ExtractStackTrace ()
UnityEditor.ProBuilder.EditorUtility:SetGizmoIconEnabled (System.Type,bool) (at Library/PackageCache/com.unity.probuilder@5.0.3/Editor/EditorCore/EditorUtility.cs:575)
UnityEditor.ProBuilder.HierarchyListener:.cctor () (at Library/PackageCache/com.unity.probuilder@5.0.3/Editor/EditorCore/HierarchyListener.cs:21)
System.Runtime.CompilerServices.RuntimeHelpers:RunClassConstructor (System.RuntimeTypeHandle)
UnityEditor.EditorAssemblies:ProcessInitializeOnLoadAttributes (System.Type[])

[Library/PackageCache/com.unity.probuilder@5.0.3/Editor/EditorCore/EditorUtility.cs line 575]

Invoked RoslynAnalysisRunner static constructor.
RoslynAnalysisRunner will not be running.
RoslynAnalysisRunner has terminated.
Mono: successfully reloaded assembly
- Completed reload, in  1.987 seconds
Platform modules already initialized, skipping
Shader 'Universal Render Pipeline/Particles/Lit': fallback shader 'Universal Render Pipeline/Particles/SimpleLit' not found
Shader 'Universal Render Pipeline/Particles/Lit': fallback shader 'Universal Render Pipeline/Particles/SimpleLit' not found
Refreshing native plugins compatible for Editor in 0.78 ms, found 0 plugins.
Preloading 0 native plugins for Editor in 0.00 ms.
Unloading 2780 Unused Serialized files (Serialized files now loaded: 0)
System memory in use before: 165.3 MB.
System memory in use after: 163.9 MB.

Unloading 32 unused Assets to reduce memory usage. Loaded Objects now: 3429.
Total: 4.842400 ms (FindLiveObjects: 0.561200 ms CreateObjectMapping: 0.116300 ms MarkObjects: 2.816600 ms  DeleteObjects: 1.345900 ms)

========================================================================
Received Prepare
Registering precompiled user dll's ...
Registered in 0.002165 seconds.
Begin MonoManager ReloadAssembly
Native extension for WindowsStandalone target not found
Native extension for OSXStandalone target not found
Refreshing native plugins compatible for Editor in 1.07 ms, found 0 plugins.
Preloading 0 native plugins for Editor in 0.00 ms.
Warning: Annotation not found!
UnityEngine.StackTraceUtility:ExtractStackTrace ()
UnityEditor.ProBuilder.EditorUtility:SetGizmoIconEnabled (System.Type,bool) (at Library/PackageCache/com.unity.probuilder@5.0.3/Editor/EditorCore/EditorUtility.cs:575)
UnityEditor.ProBuilder.HierarchyListener:.cctor () (at Library/PackageCache/com.unity.probuilder@5.0.3/Editor/EditorCore/HierarchyListener.cs:21)
System.Runtime.CompilerServices.RuntimeHelpers:RunClassConstructor (System.RuntimeTypeHandle)
UnityEditor.EditorAssemblies:ProcessInitializeOnLoadAttributes (System.Type[])

[Library/PackageCache/com.unity.probuilder@5.0.3/Editor/EditorCore/EditorUtility.cs line 575]

Invoked RoslynAnalysisRunner static constructor.
RoslynAnalysisRunner will not be running.
RoslynAnalysisRunner has terminated.
Mono: successfully reloaded assembly
- Completed reload, in  1.189 seconds
Platform modules already initialized, skipping
Shader 'Universal Render Pipeline/Particles/Lit': fallback shader 'Universal Render Pipeline/Particles/SimpleLit' not found
Shader 'Universal Render Pipeline/Particles/Lit': fallback shader 'Universal Render Pipeline/Particles/SimpleLit' not found
Refreshing native plugins compatible for Editor in 0.99 ms, found 0 plugins.
Preloading 0 native plugins for Editor in 0.00 ms.
Unloading 2780 Unused Serialized files (Serialized files now loaded: 0)
System memory in use before: 165.5 MB.
System memory in use after: 164.0 MB.

Unloading 32 unused Assets to reduce memory usage. Loaded Objects now: 3431.
Total: 5.429200 ms (FindLiveObjects: 0.391400 ms CreateObjectMapping: 0.106500 ms MarkObjects: 3.439400 ms  DeleteObjects: 1.489800 ms)

========================================================================
Received Prepare
Registering precompiled user dll's ...
Registered in 0.001707 seconds.
Begin MonoManager ReloadAssembly
Native extension for WindowsStandalone target not found
Native extension for OSXStandalone target not found
Refreshing native plugins compatible for Editor in 1.46 ms, found 0 plugins.
Preloading 0 native plugins for Editor in 0.00 ms.
Warning: Annotation not found!
UnityEngine.StackTraceUtility:ExtractStackTrace ()
UnityEditor.ProBuilder.EditorUtility:SetGizmoIconEnabled (System.Type,bool) (at Library/PackageCache/com.unity.probuilder@5.0.3/Editor/EditorCore/EditorUtility.cs:575)
UnityEditor.ProBuilder.HierarchyListener:.cctor () (at Library/PackageCache/com.unity.probuilder@5.0.3/Editor/EditorCore/HierarchyListener.cs:21)
System.Runtime.CompilerServices.RuntimeHelpers:RunClassConstructor (System.RuntimeTypeHandle)
UnityEditor.EditorAssemblies:ProcessInitializeOnLoadAttributes (System.Type[])

[Library/PackageCache/com.unity.probuilder@5.0.3/Editor/EditorCore/EditorUtility.cs line 575]

Invoked RoslynAnalysisRunner static constructor.
RoslynAnalysisRunner will not be running.
RoslynAnalysisRunner has terminated.
Mono: successfully reloaded assembly
- Completed reload, in  1.649 seconds
Platform modules already initialized, skipping
Shader 'Universal Render Pipeline/Particles/Lit': fallback shader 'Universal Render Pipeline/Particles/SimpleLit' not found
Shader 'Universal Render Pipeline/Particles/Lit': fallback shader 'Universal Render Pipeline/Particles/SimpleLit' not found
Refreshing native plugins compatible for Editor in 0.79 ms, found 0 plugins.
Preloading 0 native plugins for Editor in 0.00 ms.
Unloading 2780 Unused Serialized files (Serialized files now loaded: 0)
System memory in use before: 165.5 MB.
System memory in use after: 164.0 MB.

Unloading 32 unused Assets to reduce memory usage. Loaded Objects now: 3433.
Total: 5.510400 ms (FindLiveObjects: 0.515000 ms CreateObjectMapping: 0.148700 ms MarkObjects: 3.520400 ms  DeleteObjects: 1.324300 ms)

========================================================================
Received Prepare
Registering precompiled user dll's ...
Registered in 0.001440 seconds.
Begin MonoManager ReloadAssembly
Native extension for WindowsStandalone target not found
Native extension for OSXStandalone target not found
Refreshing native plugins compatible for Editor in 1.50 ms, found 0 plugins.
Preloading 0 native plugins for Editor in 0.00 ms.
Warning: Annotation not found!
UnityEngine.StackTraceUtility:ExtractStackTrace ()
UnityEditor.ProBuilder.EditorUtility:SetGizmoIconEnabled (System.Type,bool) (at Library/PackageCache/com.unity.probuilder@5.0.3/Editor/EditorCore/EditorUtility.cs:575)
UnityEditor.ProBuilder.HierarchyListener:.cctor () (at Library/PackageCache/com.unity.probuilder@5.0.3/Editor/EditorCore/HierarchyListener.cs:21)
System.Runtime.CompilerServices.RuntimeHelpers:RunClassConstructor (System.RuntimeTypeHandle)
UnityEditor.EditorAssemblies:ProcessInitializeOnLoadAttributes (System.Type[])

[Library/PackageCache/com.unity.probuilder@5.0.3/Editor/EditorCore/EditorUtility.cs line 575]

Invoked RoslynAnalysisRunner static constructor.
RoslynAnalysisRunner will not be running.
RoslynAnalysisRunner has terminated.
Mono: successfully reloaded assembly
- Completed reload, in  1.738 seconds
Platform modules already initialized, skipping
Shader 'Universal Render Pipeline/Particles/Lit': fallback shader 'Universal Render Pipeline/Particles/SimpleLit' not found
Shader 'Universal Render Pipeline/Particles/Lit': fallback shader 'Universal Render Pipeline/Particles/SimpleLit' not found
Refreshing native plugins compatible for Editor in 1.24 ms, found 0 plugins.
Preloading 0 native plugins for Editor in 0.00 ms.
Unloading 2780 Unused Serialized files (Serialized files now loaded: 0)
System memory in use before: 165.5 MB.
System memory in use after: 164.1 MB.

Unloading 32 unused Assets to reduce memory usage. Loaded Objects now: 3435.
Total: 8.793000 ms (FindLiveObjects: 1.231000 ms CreateObjectMapping: 0.552500 ms MarkObjects: 5.161600 ms  DeleteObjects: 1.844800 ms)

========================================================================
Received Prepare
Registering precompiled user dll's ...
Registered in 0.001592 seconds.
Begin MonoManager ReloadAssembly
Native extension for WindowsStandalone target not found
Native extension for OSXStandalone target not found
Refreshing native plugins compatible for Editor in 1.49 ms, found 0 plugins.
Preloading 0 native plugins for Editor in 0.00 ms.
Warning: Annotation not found!
UnityEngine.StackTraceUtility:ExtractStackTrace ()
UnityEditor.ProBuilder.EditorUtility:SetGizmoIconEnabled (System.Type,bool) (at Library/PackageCache/com.unity.probuilder@5.0.3/Editor/EditorCore/EditorUtility.cs:575)
UnityEditor.ProBuilder.HierarchyListener:.cctor () (at Library/PackageCache/com.unity.probuilder@5.0.3/Editor/EditorCore/HierarchyListener.cs:21)
System.Runtime.CompilerServices.RuntimeHelpers:RunClassConstructor (System.RuntimeTypeHandle)
UnityEditor.EditorAssemblies:ProcessInitializeOnLoadAttributes (System.Type[])

[Library/PackageCache/com.unity.probuilder@5.0.3/Editor/EditorCore/EditorUtility.cs line 575]

Invoked RoslynAnalysisRunner static constructor.
RoslynAnalysisRunner will not be running.
RoslynAnalysisRunner has terminated.
Mono: successfully reloaded assembly
- Completed reload, in  1.090 seconds
Platform modules already initialized, skipping
Shader 'Universal Render Pipeline/Particles/Lit': fallback shader 'Universal Render Pipeline/Particles/SimpleLit' not found
Shader 'Universal Render Pipeline/Particles/Lit': fallback shader 'Universal Render Pipeline/Particles/SimpleLit' not found
Refreshing native plugins compatible for Editor in 0.72 ms, found 0 plugins.
Preloading 0 native plugins for Editor in 0.00 ms.
Unloading 2780 Unused Serialized files (Serialized files now loaded: 0)
System memory in use before: 165.5 MB.
System memory in use after: 164.1 MB.

Unloading 32 unused Assets to reduce memory usage. Loaded Objects now: 3437.
Total: 5.394300 ms (FindLiveObjects: 0.350500 ms CreateObjectMapping: 0.092100 ms MarkObjects: 3.590500 ms  DeleteObjects: 1.359000 ms)

========================================================================
Received Prepare
Registering precompiled user dll's ...
Registered in 0.002375 seconds.
Begin MonoManager ReloadAssembly
Native extension for WindowsStandalone target not found
Native extension for OSXStandalone target not found
Refreshing native plugins compatible for Editor in 1.70 ms, found 0 plugins.
Preloading 0 native plugins for Editor in 0.00 ms.
Warning: Annotation not found!
UnityEngine.StackTraceUtility:ExtractStackTrace ()
UnityEditor.ProBuilder.EditorUtility:SetGizmoIconEnabled (System.Type,bool) (at Library/PackageCache/com.unity.probuilder@5.0.3/Editor/EditorCore/EditorUtility.cs:575)
UnityEditor.ProBuilder.HierarchyListener:.cctor () (at Library/PackageCache/com.unity.probuilder@5.0.3/Editor/EditorCore/HierarchyListener.cs:21)
System.Runtime.CompilerServices.RuntimeHelpers:RunClassConstructor (System.RuntimeTypeHandle)
UnityEditor.EditorAssemblies:ProcessInitializeOnLoadAttributes (System.Type[])

[Library/PackageCache/com.unity.probuilder@5.0.3/Editor/EditorCore/EditorUtility.cs line 575]

Invoked RoslynAnalysisRunner static constructor.
RoslynAnalysisRunner will not be running.
RoslynAnalysisRunner has terminated.
Mono: successfully reloaded assembly
- Completed reload, in  1.691 seconds
Platform modules already initialized, skipping
Shader 'Universal Render Pipeline/Particles/Lit': fallback shader 'Universal Render Pipeline/Particles/SimpleLit' not found
Shader 'Universal Render Pipeline/Particles/Lit': fallback shader 'Universal Render Pipeline/Particles/SimpleLit' not found
Refreshing native plugins compatible for Editor in 0.90 ms, found 0 plugins.
Preloading 0 native plugins for Editor in 0.00 ms.
Unloading 2780 Unused Serialized files (Serialized files now loaded: 0)
System memory in use before: 165.5 MB.
System memory in use after: 164.1 MB.

Unloading 32 unused Assets to reduce memory usage. Loaded Objects now: 3439.
Total: 6.604700 ms (FindLiveObjects: 0.387200 ms CreateObjectMapping: 0.103500 ms MarkObjects: 4.250800 ms  DeleteObjects: 1.860600 ms)

========================================================================
Received Prepare
Registering precompiled user dll's ...
Registered in 0.001786 seconds.
Begin MonoManager ReloadAssembly
Native extension for WindowsStandalone target not found
Native extension for OSXStandalone target not found
Refreshing native plugins compatible for Editor in 0.76 ms, found 0 plugins.
Preloading 0 native plugins for Editor in 0.00 ms.
Warning: Annotation not found!
UnityEngine.StackTraceUtility:ExtractStackTrace ()
UnityEditor.ProBuilder.EditorUtility:SetGizmoIconEnabled (System.Type,bool) (at Library/PackageCache/com.unity.probuilder@5.0.3/Editor/EditorCore/EditorUtility.cs:575)
UnityEditor.ProBuilder.HierarchyListener:.cctor () (at Library/PackageCache/com.unity.probuilder@5.0.3/Editor/EditorCore/HierarchyListener.cs:21)
System.Runtime.CompilerServices.RuntimeHelpers:RunClassConstructor (System.RuntimeTypeHandle)
UnityEditor.EditorAssemblies:ProcessInitializeOnLoadAttributes (System.Type[])

[Library/PackageCache/com.unity.probuilder@5.0.3/Editor/EditorCore/EditorUtility.cs line 575]

Invoked RoslynAnalysisRunner static constructor.
RoslynAnalysisRunner will not be running.
RoslynAnalysisRunner has terminated.
Mono: successfully reloaded assembly
- Completed reload, in  1.204 seconds
Platform modules already initialized, skipping
Shader 'Universal Render Pipeline/Particles/Lit': fallback shader 'Universal Render Pipeline/Particles/SimpleLit' not found
Shader 'Universal Render Pipeline/Particles/Lit': fallback shader 'Universal Render Pipeline/Particles/SimpleLit' not found
Refreshing native plugins compatible for Editor in 0.75 ms, found 0 plugins.
Preloading 0 native plugins for Editor in 0.00 ms.
Unloading 2780 Unused Serialized files (Serialized files now loaded: 0)
System memory in use before: 165.5 MB.
System memory in use after: 164.1 MB.

Unloading 32 unused Assets to reduce memory usage. Loaded Objects now: 3441.
Total: 5.505800 ms (FindLiveObjects: 0.688600 ms CreateObjectMapping: 0.361300 ms MarkObjects: 3.083500 ms  DeleteObjects: 1.369800 ms)

AssetImportWorkerClient::OnTransportError - code=2 error=End of file
