Using pre-set license
Built from '2020.2/staging' branch; Version is '2020.2.6f1 (8a2143876886) revision 9052483'; Using compiler version '192528614'; Build Type 'Release'
OS: 'Windows 10 Pro; OS build 18363.1440; Version 1909; 64bit' Language: 'pt' Physical Memory: 14267 MB
BatchMode: 1, IsHumanControllingUs: 0, StartBugReporterOnCrash: 0, Is64bit: 1, IsPro: 0

 COMMAND LINE ARGUMENTS:
C:\Program Files\Unity\Hub\Editor\2020.2.6f1\Editor\Unity.exe
-adb2
-batchMode
-noUpm
-name
AssetImportWorker0
-projectPath
D:/Unity/Fukushima-GitHub/Git/Fukushima (nome super normal)
-logFile
Logs/AssetImportWorker0.log
-srvPort
55460
Successfully changed project path to: D:/Unity/Fukushima-GitHub/Git/Fukushima (nome super normal)
D:/Unity/Fukushima-GitHub/Git/Fukushima (nome super normal)
Using Asset Import Pipeline V2.
Refreshing native plugins compatible for Editor in 68.68 ms, found 0 plugins.
Preloading 0 native plugins for Editor in 0.00 ms.
Initialize engine version: 2020.2.6f1 (8a2143876886)
[Subsystems] Discovering subsystems at path C:/Program Files/Unity/Hub/Editor/2020.2.6f1/Editor/Data/Resources/UnitySubsystems
[Subsystems] Discovering subsystems at path D:/Unity/Fukushima-GitHub/Git/Fukushima (nome super normal)/Assets
GfxDevice: creating device client; threaded=0
Direct3D:
    Version:  Direct3D 11.0 [level 11.1]
    Renderer: NVIDIA GeForce GTX 1050 Ti (ID=0x1c82)
    Vendor:   
    VRAM:     4018 MB
    Driver:   27.21.14.5671
Initialize mono
Mono path[0] = 'C:/Program Files/Unity/Hub/Editor/2020.2.6f1/Editor/Data/Managed'
Mono path[1] = 'C:/Program Files/Unity/Hub/Editor/2020.2.6f1/Editor/Data/MonoBleedingEdge/lib/mono/unityjit'
Mono config path = 'C:/Program Files/Unity/Hub/Editor/2020.2.6f1/Editor/Data/MonoBleedingEdge/etc'
Using monoOptions --debugger-agent=transport=dt_socket,embedding=1,server=y,suspend=n,address=127.0.0.1:56100
Begin MonoManager ReloadAssembly
Registering precompiled unity dll's ...
Register platform support module: C:/Program Files/Unity/Hub/Editor/2020.2.6f1/Editor/Data/PlaybackEngines/MacStandaloneSupport/UnityEditor.OSXStandalone.Extensions.dll
Register platform support module: C:/Program Files/Unity/Hub/Editor/2020.2.6f1/Editor/Data/PlaybackEngines/WindowsStandaloneSupport/UnityEditor.WindowsStandalone.Extensions.dll
Registered in 0.003338 seconds.
Native extension for WindowsStandalone target not found
Native extension for OSXStandalone target not found
Refreshing native plugins compatible for Editor in 65.61 ms, found 0 plugins.
Preloading 0 native plugins for Editor in 0.00 ms.
Invoked RoslynAnalysisRunner static constructor.
RoslynAnalysisRunner will not be running.
RoslynAnalysisRunner has terminated.
Mono: successfully reloaded assembly
- Completed reload, in  1.967 seconds
Platform modules already initialized, skipping
Registering precompiled user dll's ...
Registered in 0.001263 seconds.
Begin MonoManager ReloadAssembly
Native extension for WindowsStandalone target not found
Native extension for OSXStandalone target not found
Refreshing native plugins compatible for Editor in 58.57 ms, found 0 plugins.
Preloading 0 native plugins for Editor in 0.00 ms.
Invoked RoslynAnalysisRunner static constructor.
RoslynAnalysisRunner will not be running.
RoslynAnalysisRunner has terminated.
Mono: successfully reloaded assembly
- Completed reload, in  1.189 seconds
Platform modules already initialized, skipping
========================================================================
Worker process is ready to serve import requests
Shader 'Universal Render Pipeline/Particles/Lit': fallback shader 'Universal Render Pipeline/Particles/SimpleLit' not found
Shader 'Universal Render Pipeline/Particles/Lit': fallback shader 'Universal Render Pipeline/Particles/SimpleLit' not found
Launched and connected shader compiler UnityShaderCompiler.exe after 0.06 seconds
Refreshing native plugins compatible for Editor in 0.53 ms, found 0 plugins.
Preloading 0 native plugins for Editor in 0.00 ms.
Unloading 2478 Unused Serialized files (Serialized files now loaded: 0)
System memory in use before: 132.8 MB.
System memory in use after: 131.1 MB.

Unloading 36 unused Assets to reduce memory usage. Loaded Objects now: 2909.
Total: 3.365200 ms (FindLiveObjects: 0.281300 ms CreateObjectMapping: 0.063400 ms MarkObjects: 1.940700 ms  DeleteObjects: 1.078800 ms)

========================================================================
Received Import Request.
  path: Assets/Audios/Itens coletáveis/brinquedo de cachorro.wav
  artifactKey: Guid(c3f1b2c3bef5980478c3f0e149ae556f) Importer(815301076,1909f56bfc062723c751e8b465ee728b)
Start importing Assets/Audios/Itens coletáveis/brinquedo de cachorro.wav using Guid(c3f1b2c3bef5980478c3f0e149ae556f) Importer(815301076,1909f56bfc062723c751e8b465ee728b)  -> (artifact id: '40359c3c5d20de3d3757013e4725a921') in 0.223854 seconds
  Import took 0.259951 seconds .

========================================================================
Received Import Request.
  Time since last request: 9.304771 seconds.
  path: Assets/Audios/Ambiente interno/Goteira.wav
  artifactKey: Guid(8287bc044e0b49747bcf951c86c608cc) Importer(815301076,1909f56bfc062723c751e8b465ee728b)
Start importing Assets/Audios/Ambiente interno/Goteira.wav using Guid(8287bc044e0b49747bcf951c86c608cc) Importer(815301076,1909f56bfc062723c751e8b465ee728b)  -> (artifact id: '63f0ea2ee2d00dae8bfb7a3561c8ecaf') in 0.024608 seconds
  Import took 0.065458 seconds .

========================================================================
Received Import Request.
  Time since last request: 15.273835 seconds.
  path: Assets/Audios
  artifactKey: Guid(73282ac613e6a824396eec4c281b06eb) Importer(815301076,1909f56bfc062723c751e8b465ee728b)
Start importing Assets/Audios using Guid(73282ac613e6a824396eec4c281b06eb) Importer(815301076,1909f56bfc062723c751e8b465ee728b)  -> (artifact id: '599a8d6695e3ca8809c31e70340f0b63') in 0.007109 seconds
  Import took 0.049619 seconds .

========================================================================
Received Import Request.
  Time since last request: 12.722748 seconds.
  path: Assets/Audios/Itens coletáveis
  artifactKey: Guid(7ebea9d4552431346a8ac6fe6ef49db0) Importer(815301076,1909f56bfc062723c751e8b465ee728b)
Start importing Assets/Audios/Itens coletáveis using Guid(7ebea9d4552431346a8ac6fe6ef49db0) Importer(815301076,1909f56bfc062723c751e8b465ee728b)  -> (artifact id: 'f2d3f14193187453f6f8987d0e7019ca') in 0.024120 seconds
  Import took 0.056606 seconds .

========================================================================
Received Import Request.
  Time since last request: 0.826097 seconds.
  path: Assets/Audios/Radio
  artifactKey: Guid(56a77633cccfa2b4e82204e68310b225) Importer(815301076,1909f56bfc062723c751e8b465ee728b)
Start importing Assets/Audios/Radio using Guid(56a77633cccfa2b4e82204e68310b225) Importer(815301076,1909f56bfc062723c751e8b465ee728b)  -> (artifact id: '7cbcc1a36cff8ecb38b1c75dc615e44d') in 0.008749 seconds
  Import took 0.038039 seconds .

========================================================================
Received Import Request.
  Time since last request: 4.493354 seconds.
  path: Assets/Audios/Efeitos sonoros/desktop.ini
  artifactKey: Guid(592fd8641ef350741b3c62c56913ae09) Importer(815301076,1909f56bfc062723c751e8b465ee728b)
Start importing Assets/Audios/Efeitos sonoros/desktop.ini using Guid(592fd8641ef350741b3c62c56913ae09) Importer(815301076,1909f56bfc062723c751e8b465ee728b)  -> (artifact id: '24e0999571de0e753c58aab070e37765') in 0.018733 seconds
  Import took 0.048469 seconds .

========================================================================
Received Import Request.
  Time since last request: 229.271480 seconds.
  path: Assets/Audios/Radio/35291__jace__continuous-static.wav
  artifactKey: Guid(cd5ac0a2798a95f41a4adcaa8a751804) Importer(815301076,1909f56bfc062723c751e8b465ee728b)
Start importing Assets/Audios/Radio/35291__jace__continuous-static.wav using Guid(cd5ac0a2798a95f41a4adcaa8a751804) Importer(815301076,1909f56bfc062723c751e8b465ee728b)  -> (artifact id: '3c8445265ae366ed3c340bf7c1d54193') in 0.014665 seconds
  Import took 0.027949 seconds .

========================================================================
Received Import Request.
  Time since last request: 0.003938 seconds.
  path: Assets/Audios/Radio/35291__jace__continuous-static.wav
  artifactKey: Guid(cd5ac0a2798a95f41a4adcaa8a751804) Importer(815301076,1909f56bfc062723c751e8b465ee728b)
Start importing Assets/Audios/Radio/35291__jace__continuous-static.wav using Guid(cd5ac0a2798a95f41a4adcaa8a751804) Importer(815301076,1909f56bfc062723c751e8b465ee728b)  -> (artifact id: '3c8445265ae366ed3c340bf7c1d54193') in 0.008519 seconds
  Import took 0.013591 seconds .

========================================================================
Received Import Request.
  Time since last request: 6.430199 seconds.
  path: Assets/Audios/Radio/Estatica.wav
  artifactKey: Guid(cd5ac0a2798a95f41a4adcaa8a751804) Importer(815301076,1909f56bfc062723c751e8b465ee728b)
Start importing Assets/Audios/Radio/Estatica.wav using Guid(cd5ac0a2798a95f41a4adcaa8a751804) Importer(815301076,1909f56bfc062723c751e8b465ee728b)  -> (artifact id: 'af5b91a81ed6eead3b72fe3207011eee') in 0.012394 seconds
  Import took 0.033434 seconds .

========================================================================
Received Prepare
Registering precompiled user dll's ...
Registered in 0.001259 seconds.
Begin MonoManager ReloadAssembly
Native extension for WindowsStandalone target not found
Native extension for OSXStandalone target not found
Refreshing native plugins compatible for Editor in 0.67 ms, found 0 plugins.
Preloading 0 native plugins for Editor in 0.00 ms.
Invoked RoslynAnalysisRunner static constructor.
RoslynAnalysisRunner will not be running.
RoslynAnalysisRunner has terminated.
Mono: successfully reloaded assembly
- Completed reload, in  0.923 seconds
Platform modules already initialized, skipping
Shader 'Universal Render Pipeline/Particles/Lit': fallback shader 'Universal Render Pipeline/Particles/SimpleLit' not found
Shader 'Universal Render Pipeline/Particles/Lit': fallback shader 'Universal Render Pipeline/Particles/SimpleLit' not found
Refreshing native plugins compatible for Editor in 0.90 ms, found 0 plugins.
Preloading 0 native plugins for Editor in 0.00 ms.
Unloading 2377 Unused Serialized files (Serialized files now loaded: 0)
System memory in use before: 130.7 MB.
System memory in use after: 129.0 MB.

Unloading 31 unused Assets to reduce memory usage. Loaded Objects now: 2920.
Total: 5.830900 ms (FindLiveObjects: 0.389400 ms CreateObjectMapping: 0.139000 ms MarkObjects: 3.668400 ms  DeleteObjects: 1.631400 ms)

========================================================================
Received Import Request.
  Time since last request: 222.803998 seconds.
  path: Assets/Audios/Radio/324404__joedeshon__film-static-03.wav
  artifactKey: Guid(b044e168fec319143aa6afd400da8038) Importer(815301076,1909f56bfc062723c751e8b465ee728b)
Start importing Assets/Audios/Radio/324404__joedeshon__film-static-03.wav using Guid(b044e168fec319143aa6afd400da8038) Importer(815301076,1909f56bfc062723c751e8b465ee728b)  -> (artifact id: 'ee6526c0cc72a2c4185d06c9d6e9dfae') in 0.068300 seconds
  Import took 0.112394 seconds .

========================================================================
Received Import Request.
  Time since last request: 1.799784 seconds.
  path: Assets/Audios/Radio/Estatica2.wav
  artifactKey: Guid(b044e168fec319143aa6afd400da8038) Importer(815301076,1909f56bfc062723c751e8b465ee728b)
Start importing Assets/Audios/Radio/Estatica2.wav using Guid(b044e168fec319143aa6afd400da8038) Importer(815301076,1909f56bfc062723c751e8b465ee728b)  -> (artifact id: 'e4f6c46ceb3758596193a08dc26b9d33') in 0.015945 seconds
  Import took 0.030704 seconds .

========================================================================
Received Import Request.
  Time since last request: 0.005224 seconds.
  path: Assets/Audios/Radio/Estatica2.wav
  artifactKey: Guid(b044e168fec319143aa6afd400da8038) Importer(815301076,1909f56bfc062723c751e8b465ee728b)
Start importing Assets/Audios/Radio/Estatica2.wav using Guid(b044e168fec319143aa6afd400da8038) Importer(815301076,1909f56bfc062723c751e8b465ee728b)  -> (artifact id: 'e4f6c46ceb3758596193a08dc26b9d33') in 0.008596 seconds
  Import took 0.012702 seconds .

========================================================================
Received Prepare
Registering precompiled user dll's ...
Registered in 0.002153 seconds.
Begin MonoManager ReloadAssembly
Native extension for WindowsStandalone target not found
Native extension for OSXStandalone target not found
Refreshing native plugins compatible for Editor in 0.77 ms, found 0 plugins.
Preloading 0 native plugins for Editor in 0.00 ms.
Invoked RoslynAnalysisRunner static constructor.
RoslynAnalysisRunner will not be running.
RoslynAnalysisRunner has terminated.
Mono: successfully reloaded assembly
- Completed reload, in  1.176 seconds
Platform modules already initialized, skipping
Shader 'Universal Render Pipeline/Particles/Lit': fallback shader 'Universal Render Pipeline/Particles/SimpleLit' not found
Shader 'Universal Render Pipeline/Particles/Lit': fallback shader 'Universal Render Pipeline/Particles/SimpleLit' not found
Refreshing native plugins compatible for Editor in 1.02 ms, found 0 plugins.
Preloading 0 native plugins for Editor in 0.00 ms.
Unloading 2377 Unused Serialized files (Serialized files now loaded: 0)
System memory in use before: 130.7 MB.
System memory in use after: 129.0 MB.

Unloading 31 unused Assets to reduce memory usage. Loaded Objects now: 2923.
Total: 6.762200 ms (FindLiveObjects: 0.662700 ms CreateObjectMapping: 0.275300 ms MarkObjects: 4.036500 ms  DeleteObjects: 1.785800 ms)

========================================================================
Received Prepare
Registering precompiled user dll's ...
Registered in 0.001475 seconds.
Begin MonoManager ReloadAssembly
Native extension for WindowsStandalone target not found
Native extension for OSXStandalone target not found
Refreshing native plugins compatible for Editor in 0.51 ms, found 0 plugins.
Preloading 0 native plugins for Editor in 0.00 ms.
Invoked RoslynAnalysisRunner static constructor.
RoslynAnalysisRunner will not be running.
RoslynAnalysisRunner has terminated.
Mono: successfully reloaded assembly
- Completed reload, in  1.000 seconds
Platform modules already initialized, skipping
Shader 'Universal Render Pipeline/Particles/Lit': fallback shader 'Universal Render Pipeline/Particles/SimpleLit' not found
Shader 'Universal Render Pipeline/Particles/Lit': fallback shader 'Universal Render Pipeline/Particles/SimpleLit' not found
Refreshing native plugins compatible for Editor in 0.53 ms, found 0 plugins.
Preloading 0 native plugins for Editor in 0.00 ms.
Unloading 2377 Unused Serialized files (Serialized files now loaded: 0)
System memory in use before: 130.7 MB.
System memory in use after: 129.0 MB.

Unloading 31 unused Assets to reduce memory usage. Loaded Objects now: 2925.
Total: 4.645900 ms (FindLiveObjects: 0.357900 ms CreateObjectMapping: 0.090800 ms MarkObjects: 2.699800 ms  DeleteObjects: 1.494800 ms)

========================================================================
Received Prepare
Registering precompiled user dll's ...
Registered in 0.013247 seconds.
Begin MonoManager ReloadAssembly
Native extension for WindowsStandalone target not found
Native extension for OSXStandalone target not found
Refreshing native plugins compatible for Editor in 0.98 ms, found 0 plugins.
Preloading 0 native plugins for Editor in 0.00 ms.
Invoked RoslynAnalysisRunner static constructor.
RoslynAnalysisRunner will not be running.
RoslynAnalysisRunner has terminated.
Mono: successfully reloaded assembly
- Completed reload, in  1.469 seconds
Platform modules already initialized, skipping
Shader 'Universal Render Pipeline/Particles/Lit': fallback shader 'Universal Render Pipeline/Particles/SimpleLit' not found
Shader 'Universal Render Pipeline/Particles/Lit': fallback shader 'Universal Render Pipeline/Particles/SimpleLit' not found
Refreshing native plugins compatible for Editor in 0.53 ms, found 0 plugins.
Preloading 0 native plugins for Editor in 0.00 ms.
Unloading 2377 Unused Serialized files (Serialized files now loaded: 0)
System memory in use before: 130.7 MB.
System memory in use after: 129.0 MB.

Unloading 31 unused Assets to reduce memory usage. Loaded Objects now: 2927.
Total: 4.663700 ms (FindLiveObjects: 0.299900 ms CreateObjectMapping: 0.067200 ms MarkObjects: 2.734900 ms  DeleteObjects: 1.559900 ms)

========================================================================
Received Prepare
Registering precompiled user dll's ...
Registered in 0.001362 seconds.
Begin MonoManager ReloadAssembly
Native extension for WindowsStandalone target not found
Native extension for OSXStandalone target not found
Refreshing native plugins compatible for Editor in 0.78 ms, found 0 plugins.
Preloading 0 native plugins for Editor in 0.00 ms.
Invoked RoslynAnalysisRunner static constructor.
RoslynAnalysisRunner will not be running.
RoslynAnalysisRunner has terminated.
Mono: successfully reloaded assembly
- Completed reload, in  1.166 seconds
Platform modules already initialized, skipping
Shader 'Universal Render Pipeline/Particles/Lit': fallback shader 'Universal Render Pipeline/Particles/SimpleLit' not found
Shader 'Universal Render Pipeline/Particles/Lit': fallback shader 'Universal Render Pipeline/Particles/SimpleLit' not found
Refreshing native plugins compatible for Editor in 0.59 ms, found 0 plugins.
Preloading 0 native plugins for Editor in 0.00 ms.
Unloading 2377 Unused Serialized files (Serialized files now loaded: 0)
System memory in use before: 130.7 MB.
System memory in use after: 129.0 MB.

Unloading 31 unused Assets to reduce memory usage. Loaded Objects now: 2929.
Total: 7.124400 ms (FindLiveObjects: 0.345400 ms CreateObjectMapping: 0.203500 ms MarkObjects: 3.923300 ms  DeleteObjects: 2.650300 ms)

========================================================================
Received Prepare
Registering precompiled user dll's ...
Registered in 0.001761 seconds.
Begin MonoManager ReloadAssembly
Native extension for WindowsStandalone target not found
Native extension for OSXStandalone target not found
Refreshing native plugins compatible for Editor in 0.51 ms, found 0 plugins.
Preloading 0 native plugins for Editor in 0.00 ms.
Invoked RoslynAnalysisRunner static constructor.
RoslynAnalysisRunner will not be running.
RoslynAnalysisRunner has terminated.
Mono: successfully reloaded assembly
- Completed reload, in  1.010 seconds
Platform modules already initialized, skipping
Shader 'Universal Render Pipeline/Particles/Lit': fallback shader 'Universal Render Pipeline/Particles/SimpleLit' not found
Shader 'Universal Render Pipeline/Particles/Lit': fallback shader 'Universal Render Pipeline/Particles/SimpleLit' not found
Refreshing native plugins compatible for Editor in 0.79 ms, found 0 plugins.
Preloading 0 native plugins for Editor in 0.00 ms.
Unloading 2377 Unused Serialized files (Serialized files now loaded: 0)
System memory in use before: 130.8 MB.
System memory in use after: 129.1 MB.

Unloading 31 unused Assets to reduce memory usage. Loaded Objects now: 2931.
Total: 6.841100 ms (FindLiveObjects: 0.495000 ms CreateObjectMapping: 0.232800 ms MarkObjects: 3.595600 ms  DeleteObjects: 2.515000 ms)

========================================================================
Received Prepare
Registering precompiled user dll's ...
Registered in 0.001959 seconds.
Begin MonoManager ReloadAssembly
Native extension for WindowsStandalone target not found
Native extension for OSXStandalone target not found
Refreshing native plugins compatible for Editor in 0.51 ms, found 0 plugins.
Preloading 0 native plugins for Editor in 0.00 ms.
Invoked RoslynAnalysisRunner static constructor.
RoslynAnalysisRunner will not be running.
RoslynAnalysisRunner has terminated.
Mono: successfully reloaded assembly
- Completed reload, in  1.060 seconds
Platform modules already initialized, skipping
Shader 'Universal Render Pipeline/Particles/Lit': fallback shader 'Universal Render Pipeline/Particles/SimpleLit' not found
Shader 'Universal Render Pipeline/Particles/Lit': fallback shader 'Universal Render Pipeline/Particles/SimpleLit' not found
Refreshing native plugins compatible for Editor in 1.17 ms, found 0 plugins.
Preloading 0 native plugins for Editor in 0.00 ms.
Unloading 2377 Unused Serialized files (Serialized files now loaded: 0)
System memory in use before: 130.8 MB.
System memory in use after: 129.1 MB.

Unloading 31 unused Assets to reduce memory usage. Loaded Objects now: 2933.
Total: 5.978200 ms (FindLiveObjects: 0.377600 ms CreateObjectMapping: 0.148400 ms MarkObjects: 3.138100 ms  DeleteObjects: 2.310900 ms)

========================================================================
Received Prepare
Registering precompiled user dll's ...
Registered in 0.001337 seconds.
Begin MonoManager ReloadAssembly
Native extension for WindowsStandalone target not found
Native extension for OSXStandalone target not found
Refreshing native plugins compatible for Editor in 0.64 ms, found 0 plugins.
Preloading 0 native plugins for Editor in 0.00 ms.
Invoked RoslynAnalysisRunner static constructor.
RoslynAnalysisRunner will not be running.
RoslynAnalysisRunner has terminated.
Mono: successfully reloaded assembly
- Completed reload, in  1.022 seconds
Platform modules already initialized, skipping
Shader 'Universal Render Pipeline/Particles/Lit': fallback shader 'Universal Render Pipeline/Particles/SimpleLit' not found
Shader 'Universal Render Pipeline/Particles/Lit': fallback shader 'Universal Render Pipeline/Particles/SimpleLit' not found
Refreshing native plugins compatible for Editor in 0.72 ms, found 0 plugins.
Preloading 0 native plugins for Editor in 0.00 ms.
Unloading 2377 Unused Serialized files (Serialized files now loaded: 0)
System memory in use before: 130.8 MB.
System memory in use after: 129.1 MB.

Unloading 31 unused Assets to reduce memory usage. Loaded Objects now: 2935.
Total: 4.054000 ms (FindLiveObjects: 0.299800 ms CreateObjectMapping: 0.066800 ms MarkObjects: 2.206400 ms  DeleteObjects: 1.478400 ms)

========================================================================
Received Import Request.
  Time since last request: 1064.198880 seconds.
  path: Assets/_Fukushima/Scripts/InventorySystem/Inventory/UnlockObject.cs
  artifactKey: Guid(c30de0cd0d492134f8b733df5ccf0b09) Importer(815301076,1909f56bfc062723c751e8b465ee728b)
Start importing Assets/_Fukushima/Scripts/InventorySystem/Inventory/UnlockObject.cs using Guid(c30de0cd0d492134f8b733df5ccf0b09) Importer(815301076,1909f56bfc062723c751e8b465ee728b)  -> (artifact id: '433e0c7a951f27b272189238fc175a51') in 0.018037 seconds
  Import took 0.047909 seconds .

========================================================================
Received Import Request.
  Time since last request: 14.056625 seconds.
  path: Assets/_Fukushima/Scripts/InventorySystem/Inventory/EventsObject.cs
  artifactKey: Guid(7a1bc782655241f428c9b074df3cc520) Importer(815301076,1909f56bfc062723c751e8b465ee728b)
Start importing Assets/_Fukushima/Scripts/InventorySystem/Inventory/EventsObject.cs using Guid(7a1bc782655241f428c9b074df3cc520) Importer(815301076,1909f56bfc062723c751e8b465ee728b)  -> (artifact id: '7bb5a1d4498e2d050a1097155e8b28fd') in 0.011895 seconds
  Import took 0.059595 seconds .

========================================================================
Received Prepare
Registering precompiled user dll's ...
Registered in 0.001969 seconds.
Begin MonoManager ReloadAssembly
Native extension for WindowsStandalone target not found
Native extension for OSXStandalone target not found
Refreshing native plugins compatible for Editor in 0.52 ms, found 0 plugins.
Preloading 0 native plugins for Editor in 0.00 ms.
Invoked RoslynAnalysisRunner static constructor.
RoslynAnalysisRunner will not be running.
RoslynAnalysisRunner has terminated.
Mono: successfully reloaded assembly
- Completed reload, in  1.109 seconds
Platform modules already initialized, skipping
Shader 'Universal Render Pipeline/Particles/Lit': fallback shader 'Universal Render Pipeline/Particles/SimpleLit' not found
Shader 'Universal Render Pipeline/Particles/Lit': fallback shader 'Universal Render Pipeline/Particles/SimpleLit' not found
Refreshing native plugins compatible for Editor in 0.52 ms, found 0 plugins.
Preloading 0 native plugins for Editor in 0.00 ms.
Unloading 2378 Unused Serialized files (Serialized files now loaded: 0)
System memory in use before: 130.8 MB.
System memory in use after: 129.1 MB.

Unloading 31 unused Assets to reduce memory usage. Loaded Objects now: 2938.
Total: 5.155800 ms (FindLiveObjects: 0.362700 ms CreateObjectMapping: 0.147400 ms MarkObjects: 2.866800 ms  DeleteObjects: 1.776900 ms)

========================================================================
Received Import Request.
  Time since last request: 73.967625 seconds.
  path: Assets/_Fukushima/Scripts/InventorySystem/Inventory/EventsObject.cs
  artifactKey: Guid(7a1bc782655241f428c9b074df3cc520) Importer(815301076,1909f56bfc062723c751e8b465ee728b)
Start importing Assets/_Fukushima/Scripts/InventorySystem/Inventory/EventsObject.cs using Guid(7a1bc782655241f428c9b074df3cc520) Importer(815301076,1909f56bfc062723c751e8b465ee728b)  -> (artifact id: '45db834463bce08fc3d810f62343e591') in 0.006791 seconds
  Import took 0.060140 seconds .

========================================================================
Received Prepare
Registering precompiled user dll's ...
Registered in 0.001581 seconds.
Begin MonoManager ReloadAssembly
Native extension for WindowsStandalone target not found
Native extension for OSXStandalone target not found
Refreshing native plugins compatible for Editor in 0.55 ms, found 0 plugins.
Preloading 0 native plugins for Editor in 0.00 ms.
Invoked RoslynAnalysisRunner static constructor.
RoslynAnalysisRunner will not be running.
RoslynAnalysisRunner has terminated.
Mono: successfully reloaded assembly
- Completed reload, in  1.177 seconds
Platform modules already initialized, skipping
Shader 'Universal Render Pipeline/Particles/Lit': fallback shader 'Universal Render Pipeline/Particles/SimpleLit' not found
Shader 'Universal Render Pipeline/Particles/Lit': fallback shader 'Universal Render Pipeline/Particles/SimpleLit' not found
Refreshing native plugins compatible for Editor in 0.53 ms, found 0 plugins.
Preloading 0 native plugins for Editor in 0.00 ms.
Unloading 2378 Unused Serialized files (Serialized files now loaded: 0)
System memory in use before: 130.7 MB.
System memory in use after: 129.0 MB.

Unloading 31 unused Assets to reduce memory usage. Loaded Objects now: 2940.
Total: 5.958700 ms (FindLiveObjects: 0.689300 ms CreateObjectMapping: 0.662200 ms MarkObjects: 2.919900 ms  DeleteObjects: 1.685200 ms)

========================================================================
Received Import Request.
  Time since last request: 280.203672 seconds.
  path: Assets/_Fukushima/Scripts/Missões/MissionContoller.cs
  artifactKey: Guid(10b442f122e512b4495c633f239f9b88) Importer(815301076,1909f56bfc062723c751e8b465ee728b)
Start importing Assets/_Fukushima/Scripts/Missões/MissionContoller.cs using Guid(10b442f122e512b4495c633f239f9b88) Importer(815301076,1909f56bfc062723c751e8b465ee728b)  -> (artifact id: '01e8831446dbddc006105b39b79beeed') in 0.011821 seconds
  Import took 0.037395 seconds .

========================================================================
Received Prepare
Registering precompiled user dll's ...
Registered in 0.001252 seconds.
Begin MonoManager ReloadAssembly
Native extension for WindowsStandalone target not found
Native extension for OSXStandalone target not found
Refreshing native plugins compatible for Editor in 0.52 ms, found 0 plugins.
Preloading 0 native plugins for Editor in 0.00 ms.
Invoked RoslynAnalysisRunner static constructor.
RoslynAnalysisRunner will not be running.
RoslynAnalysisRunner has terminated.
Mono: successfully reloaded assembly
- Completed reload, in  1.092 seconds
Platform modules already initialized, skipping
Shader 'Universal Render Pipeline/Particles/Lit': fallback shader 'Universal Render Pipeline/Particles/SimpleLit' not found
Shader 'Universal Render Pipeline/Particles/Lit': fallback shader 'Universal Render Pipeline/Particles/SimpleLit' not found
Refreshing native plugins compatible for Editor in 0.53 ms, found 0 plugins.
Preloading 0 native plugins for Editor in 0.00 ms.
Unloading 2378 Unused Serialized files (Serialized files now loaded: 0)
System memory in use before: 130.8 MB.
System memory in use after: 129.1 MB.

Unloading 31 unused Assets to reduce memory usage. Loaded Objects now: 2942.
Total: 4.346800 ms (FindLiveObjects: 0.305300 ms CreateObjectMapping: 0.066400 ms MarkObjects: 2.461300 ms  DeleteObjects: 1.511600 ms)

========================================================================
Received Prepare
Registering precompiled user dll's ...
Registered in 0.001908 seconds.
Begin MonoManager ReloadAssembly
Native extension for WindowsStandalone target not found
Native extension for OSXStandalone target not found
Refreshing native plugins compatible for Editor in 0.54 ms, found 0 plugins.
Preloading 0 native plugins for Editor in 0.00 ms.
Invoked RoslynAnalysisRunner static constructor.
RoslynAnalysisRunner will not be running.
RoslynAnalysisRunner has terminated.
Mono: successfully reloaded assembly
- Completed reload, in  1.073 seconds
Platform modules already initialized, skipping
Shader 'Universal Render Pipeline/Particles/Lit': fallback shader 'Universal Render Pipeline/Particles/SimpleLit' not found
Shader 'Universal Render Pipeline/Particles/Lit': fallback shader 'Universal Render Pipeline/Particles/SimpleLit' not found
Refreshing native plugins compatible for Editor in 0.81 ms, found 0 plugins.
Preloading 0 native plugins for Editor in 0.00 ms.
Unloading 2378 Unused Serialized files (Serialized files now loaded: 0)
System memory in use before: 130.8 MB.
System memory in use after: 129.1 MB.

Unloading 31 unused Assets to reduce memory usage. Loaded Objects now: 2944.
Total: 4.451500 ms (FindLiveObjects: 0.313300 ms CreateObjectMapping: 0.078200 ms MarkObjects: 2.528200 ms  DeleteObjects: 1.529800 ms)

========================================================================
Received Prepare
Registering precompiled user dll's ...
Registered in 0.001393 seconds.
Begin MonoManager ReloadAssembly
Native extension for WindowsStandalone target not found
Native extension for OSXStandalone target not found
Refreshing native plugins compatible for Editor in 0.84 ms, found 0 plugins.
Preloading 0 native plugins for Editor in 0.00 ms.
Invoked RoslynAnalysisRunner static constructor.
RoslynAnalysisRunner will not be running.
RoslynAnalysisRunner has terminated.
Mono: successfully reloaded assembly
- Completed reload, in  0.970 seconds
Platform modules already initialized, skipping
Shader 'Universal Render Pipeline/Particles/Lit': fallback shader 'Universal Render Pipeline/Particles/SimpleLit' not found
Shader 'Universal Render Pipeline/Particles/Lit': fallback shader 'Universal Render Pipeline/Particles/SimpleLit' not found
Refreshing native plugins compatible for Editor in 0.54 ms, found 0 plugins.
Preloading 0 native plugins for Editor in 0.00 ms.
Unloading 2378 Unused Serialized files (Serialized files now loaded: 0)
System memory in use before: 130.8 MB.
System memory in use after: 129.1 MB.

Unloading 31 unused Assets to reduce memory usage. Loaded Objects now: 2946.
Total: 4.758500 ms (FindLiveObjects: 0.322500 ms CreateObjectMapping: 0.070100 ms MarkObjects: 2.585400 ms  DeleteObjects: 1.778400 ms)

========================================================================
Received Import Request.
  Time since last request: 239.543998 seconds.
  path: Assets/_Fukushima/Scripts/Interacao/InteractableBase.cs
  artifactKey: Guid(71c9384bf441c1040bebe08318932758) Importer(815301076,1909f56bfc062723c751e8b465ee728b)
Start importing Assets/_Fukushima/Scripts/Interacao/InteractableBase.cs using Guid(71c9384bf441c1040bebe08318932758) Importer(815301076,1909f56bfc062723c751e8b465ee728b)  -> (artifact id: '4effcbddeda2d0abe085945ac7f21f74') in 0.011372 seconds
  Import took 0.035040 seconds .

========================================================================
Received Import Request.
  Time since last request: 242.308692 seconds.
  path: Assets/_Fukushima/Scripts/InventorySystem/Inventory/PuzzleCaixa.cs
  artifactKey: Guid(adfb98bce6051344bb2c6c34f79f2dab) Importer(815301076,1909f56bfc062723c751e8b465ee728b)
Start importing Assets/_Fukushima/Scripts/InventorySystem/Inventory/PuzzleCaixa.cs using Guid(adfb98bce6051344bb2c6c34f79f2dab) Importer(815301076,1909f56bfc062723c751e8b465ee728b)  -> (artifact id: '67306d5a389e7dc631785dcaf90fcf0f') in 0.012753 seconds
  Import took 0.048516 seconds .

========================================================================
Received Import Request.
  Time since last request: 1.488772 seconds.
  path: Assets/_Fukushima/Scripts/InventorySystem/Inventory/VidUI.cs
  artifactKey: Guid(6496ea34b17862e45a516e91c49a4dce) Importer(815301076,1909f56bfc062723c751e8b465ee728b)
Start importing Assets/_Fukushima/Scripts/InventorySystem/Inventory/VidUI.cs using Guid(6496ea34b17862e45a516e91c49a4dce) Importer(815301076,1909f56bfc062723c751e8b465ee728b)  -> (artifact id: '419957ba606f61892c11cef4ad3aadfa') in 0.029357 seconds
  Import took 0.043773 seconds .

========================================================================
Received Prepare
Registering precompiled user dll's ...
Registered in 0.001254 seconds.
Begin MonoManager ReloadAssembly
Native extension for WindowsStandalone target not found
Native extension for OSXStandalone target not found
Refreshing native plugins compatible for Editor in 0.86 ms, found 0 plugins.
Preloading 0 native plugins for Editor in 0.00 ms.
Invoked RoslynAnalysisRunner static constructor.
RoslynAnalysisRunner will not be running.
RoslynAnalysisRunner has terminated.
Mono: successfully reloaded assembly
- Completed reload, in  1.026 seconds
Platform modules already initialized, skipping
Shader 'Universal Render Pipeline/Particles/Lit': fallback shader 'Universal Render Pipeline/Particles/SimpleLit' not found
Shader 'Universal Render Pipeline/Particles/Lit': fallback shader 'Universal Render Pipeline/Particles/SimpleLit' not found
Refreshing native plugins compatible for Editor in 0.53 ms, found 0 plugins.
Preloading 0 native plugins for Editor in 0.00 ms.
Unloading 2378 Unused Serialized files (Serialized files now loaded: 0)
System memory in use before: 130.8 MB.
System memory in use after: 129.1 MB.

Unloading 31 unused Assets to reduce memory usage. Loaded Objects now: 2948.
Total: 4.691700 ms (FindLiveObjects: 0.316200 ms CreateObjectMapping: 0.079700 ms MarkObjects: 2.568100 ms  DeleteObjects: 1.724800 ms)

========================================================================
Received Import Request.
  Time since last request: 511.830206 seconds.
  path: Assets/_Fukushima/Scripts/Interacao/InteractionController.cs
  artifactKey: Guid(1452466bfc1baa34694e34b35cbb3b3f) Importer(815301076,1909f56bfc062723c751e8b465ee728b)
Start importing Assets/_Fukushima/Scripts/Interacao/InteractionController.cs using Guid(1452466bfc1baa34694e34b35cbb3b3f) Importer(815301076,1909f56bfc062723c751e8b465ee728b)  -> (artifact id: '835abe6c12752d7cc2a1ce44a8908ba6') in 0.012167 seconds
  Import took 0.050211 seconds .

========================================================================
Received Prepare
Registering precompiled user dll's ...
Registered in 0.001239 seconds.
Begin MonoManager ReloadAssembly
Native extension for WindowsStandalone target not found
Native extension for OSXStandalone target not found
Refreshing native plugins compatible for Editor in 0.56 ms, found 0 plugins.
Preloading 0 native plugins for Editor in 0.00 ms.
Invoked RoslynAnalysisRunner static constructor.
RoslynAnalysisRunner will not be running.
RoslynAnalysisRunner has terminated.
Mono: successfully reloaded assembly
- Completed reload, in  1.181 seconds
Platform modules already initialized, skipping
Shader 'Universal Render Pipeline/Particles/Lit': fallback shader 'Universal Render Pipeline/Particles/SimpleLit' not found
Shader 'Universal Render Pipeline/Particles/Lit': fallback shader 'Universal Render Pipeline/Particles/SimpleLit' not found
Refreshing native plugins compatible for Editor in 0.53 ms, found 0 plugins.
Preloading 0 native plugins for Editor in 0.00 ms.
Unloading 2378 Unused Serialized files (Serialized files now loaded: 0)
System memory in use before: 130.7 MB.
System memory in use after: 129.0 MB.

Unloading 31 unused Assets to reduce memory usage. Loaded Objects now: 2950.
Total: 5.210900 ms (FindLiveObjects: 0.485900 ms CreateObjectMapping: 0.155100 ms MarkObjects: 2.734400 ms  DeleteObjects: 1.833600 ms)

========================================================================
Received Prepare
Registering precompiled user dll's ...
Registered in 0.001241 seconds.
Begin MonoManager ReloadAssembly
Native extension for WindowsStandalone target not found
Native extension for OSXStandalone target not found
Refreshing native plugins compatible for Editor in 0.52 ms, found 0 plugins.
Preloading 0 native plugins for Editor in 0.00 ms.
Invoked RoslynAnalysisRunner static constructor.
RoslynAnalysisRunner will not be running.
RoslynAnalysisRunner has terminated.
Mono: successfully reloaded assembly
- Completed reload, in  0.931 seconds
Platform modules already initialized, skipping
Shader 'Universal Render Pipeline/Particles/Lit': fallback shader 'Universal Render Pipeline/Particles/SimpleLit' not found
Shader 'Universal Render Pipeline/Particles/Lit': fallback shader 'Universal Render Pipeline/Particles/SimpleLit' not found
Refreshing native plugins compatible for Editor in 0.57 ms, found 0 plugins.
Preloading 0 native plugins for Editor in 0.00 ms.
Unloading 2378 Unused Serialized files (Serialized files now loaded: 0)
System memory in use before: 130.8 MB.
System memory in use after: 129.1 MB.

Unloading 31 unused Assets to reduce memory usage. Loaded Objects now: 2952.
Total: 5.274400 ms (FindLiveObjects: 0.431600 ms CreateObjectMapping: 0.216600 ms MarkObjects: 2.939200 ms  DeleteObjects: 1.685200 ms)

========================================================================
Received Prepare
Registering precompiled user dll's ...
Registered in 0.001213 seconds.
Begin MonoManager ReloadAssembly
Native extension for WindowsStandalone target not found
Native extension for OSXStandalone target not found
Refreshing native plugins compatible for Editor in 0.87 ms, found 0 plugins.
Preloading 0 native plugins for Editor in 0.00 ms.
Invoked RoslynAnalysisRunner static constructor.
RoslynAnalysisRunner will not be running.
RoslynAnalysisRunner has terminated.
Mono: successfully reloaded assembly
- Completed reload, in  0.979 seconds
Platform modules already initialized, skipping
Shader 'Universal Render Pipeline/Particles/Lit': fallback shader 'Universal Render Pipeline/Particles/SimpleLit' not found
Shader 'Universal Render Pipeline/Particles/Lit': fallback shader 'Universal Render Pipeline/Particles/SimpleLit' not found
Refreshing native plugins compatible for Editor in 0.61 ms, found 0 plugins.
Preloading 0 native plugins for Editor in 0.00 ms.
Unloading 2378 Unused Serialized files (Serialized files now loaded: 0)
System memory in use before: 130.8 MB.
System memory in use after: 129.2 MB.

Unloading 31 unused Assets to reduce memory usage. Loaded Objects now: 2954.
Total: 4.779000 ms (FindLiveObjects: 0.381000 ms CreateObjectMapping: 0.079900 ms MarkObjects: 2.479100 ms  DeleteObjects: 1.837300 ms)

========================================================================
Received Import Request.
  Time since last request: 103.095270 seconds.
  path: Assets/_Fukushima/Scripts/Interacao/InteractionController.cs
  artifactKey: Guid(1452466bfc1baa34694e34b35cbb3b3f) Importer(815301076,1909f56bfc062723c751e8b465ee728b)
Start importing Assets/_Fukushima/Scripts/Interacao/InteractionController.cs using Guid(1452466bfc1baa34694e34b35cbb3b3f) Importer(815301076,1909f56bfc062723c751e8b465ee728b)  -> (artifact id: '69d8eedaf9a2eb358399c1a782068925') in 0.013945 seconds
  Import took 0.072183 seconds .

========================================================================
Received Prepare
Registering precompiled user dll's ...
Registered in 0.001485 seconds.
Begin MonoManager ReloadAssembly
Native extension for WindowsStandalone target not found
Native extension for OSXStandalone target not found
Refreshing native plugins compatible for Editor in 0.92 ms, found 0 plugins.
Preloading 0 native plugins for Editor in 0.00 ms.
Invoked RoslynAnalysisRunner static constructor.
RoslynAnalysisRunner will not be running.
RoslynAnalysisRunner has terminated.
Mono: successfully reloaded assembly
- Completed reload, in  1.070 seconds
Platform modules already initialized, skipping
Shader 'Universal Render Pipeline/Particles/Lit': fallback shader 'Universal Render Pipeline/Particles/SimpleLit' not found
Shader 'Universal Render Pipeline/Particles/Lit': fallback shader 'Universal Render Pipeline/Particles/SimpleLit' not found
Refreshing native plugins compatible for Editor in 0.53 ms, found 0 plugins.
Preloading 0 native plugins for Editor in 0.00 ms.
Unloading 2378 Unused Serialized files (Serialized files now loaded: 0)
System memory in use before: 130.9 MB.
System memory in use after: 129.2 MB.

Unloading 31 unused Assets to reduce memory usage. Loaded Objects now: 2956.
Total: 4.952200 ms (FindLiveObjects: 0.340200 ms CreateObjectMapping: 0.088000 ms MarkObjects: 2.665900 ms  DeleteObjects: 1.856300 ms)

========================================================================
Received Prepare
Registering precompiled user dll's ...
Registered in 0.001233 seconds.
Begin MonoManager ReloadAssembly
Native extension for WindowsStandalone target not found
Native extension for OSXStandalone target not found
Refreshing native plugins compatible for Editor in 0.58 ms, found 0 plugins.
Preloading 0 native plugins for Editor in 0.00 ms.
Invoked RoslynAnalysisRunner static constructor.
RoslynAnalysisRunner will not be running.
RoslynAnalysisRunner has terminated.
Mono: successfully reloaded assembly
- Completed reload, in  1.145 seconds
Platform modules already initialized, skipping
Shader 'Universal Render Pipeline/Particles/Lit': fallback shader 'Universal Render Pipeline/Particles/SimpleLit' not found
Shader 'Universal Render Pipeline/Particles/Lit': fallback shader 'Universal Render Pipeline/Particles/SimpleLit' not found
Refreshing native plugins compatible for Editor in 0.52 ms, found 0 plugins.
Preloading 0 native plugins for Editor in 0.00 ms.
Unloading 2378 Unused Serialized files (Serialized files now loaded: 0)
System memory in use before: 130.9 MB.
System memory in use after: 129.2 MB.

Unloading 31 unused Assets to reduce memory usage. Loaded Objects now: 2958.
Total: 7.867600 ms (FindLiveObjects: 0.303500 ms CreateObjectMapping: 0.068200 ms MarkObjects: 2.271900 ms  DeleteObjects: 5.222000 ms)

========================================================================
Received Prepare
Registering precompiled user dll's ...
Registered in 0.002252 seconds.
Begin MonoManager ReloadAssembly
Native extension for WindowsStandalone target not found
Native extension for OSXStandalone target not found
Refreshing native plugins compatible for Editor in 0.89 ms, found 0 plugins.
Preloading 0 native plugins for Editor in 0.00 ms.
Invoked RoslynAnalysisRunner static constructor.
RoslynAnalysisRunner will not be running.
RoslynAnalysisRunner has terminated.
Mono: successfully reloaded assembly
- Completed reload, in  1.160 seconds
Platform modules already initialized, skipping
Shader 'Universal Render Pipeline/Particles/Lit': fallback shader 'Universal Render Pipeline/Particles/SimpleLit' not found
Shader 'Universal Render Pipeline/Particles/Lit': fallback shader 'Universal Render Pipeline/Particles/SimpleLit' not found
Refreshing native plugins compatible for Editor in 0.57 ms, found 0 plugins.
Preloading 0 native plugins for Editor in 0.00 ms.
Unloading 2378 Unused Serialized files (Serialized files now loaded: 0)
System memory in use before: 130.8 MB.
System memory in use after: 129.1 MB.

Unloading 31 unused Assets to reduce memory usage. Loaded Objects now: 2960.
Total: 4.186300 ms (FindLiveObjects: 0.308000 ms CreateObjectMapping: 0.067100 ms MarkObjects: 2.247300 ms  DeleteObjects: 1.562100 ms)

========================================================================
Received Prepare
Registering precompiled user dll's ...
Registered in 0.001825 seconds.
Begin MonoManager ReloadAssembly
Native extension for WindowsStandalone target not found
Native extension for OSXStandalone target not found
Refreshing native plugins compatible for Editor in 0.60 ms, found 0 plugins.
Preloading 0 native plugins for Editor in 0.00 ms.
Invoked RoslynAnalysisRunner static constructor.
RoslynAnalysisRunner will not be running.
RoslynAnalysisRunner has terminated.
Mono: successfully reloaded assembly
- Completed reload, in  1.042 seconds
Platform modules already initialized, skipping
Shader 'Universal Render Pipeline/Particles/Lit': fallback shader 'Universal Render Pipeline/Particles/SimpleLit' not found
Shader 'Universal Render Pipeline/Particles/Lit': fallback shader 'Universal Render Pipeline/Particles/SimpleLit' not found
Refreshing native plugins compatible for Editor in 0.56 ms, found 0 plugins.
Preloading 0 native plugins for Editor in 0.00 ms.
Unloading 2378 Unused Serialized files (Serialized files now loaded: 0)
System memory in use before: 130.9 MB.
System memory in use after: 129.2 MB.

Unloading 31 unused Assets to reduce memory usage. Loaded Objects now: 2962.
Total: 5.156700 ms (FindLiveObjects: 0.435600 ms CreateObjectMapping: 0.125800 ms MarkObjects: 2.613300 ms  DeleteObjects: 1.979300 ms)

========================================================================
Received Prepare
Registering precompiled user dll's ...
Registered in 0.002107 seconds.
Begin MonoManager ReloadAssembly
Native extension for WindowsStandalone target not found
Native extension for OSXStandalone target not found
Refreshing native plugins compatible for Editor in 0.76 ms, found 0 plugins.
Preloading 0 native plugins for Editor in 0.00 ms.
Invoked RoslynAnalysisRunner static constructor.
RoslynAnalysisRunner will not be running.
RoslynAnalysisRunner has terminated.
Mono: successfully reloaded assembly
- Completed reload, in  1.079 seconds
Platform modules already initialized, skipping
Shader 'Universal Render Pipeline/Particles/Lit': fallback shader 'Universal Render Pipeline/Particles/SimpleLit' not found
Shader 'Universal Render Pipeline/Particles/Lit': fallback shader 'Universal Render Pipeline/Particles/SimpleLit' not found
Refreshing native plugins compatible for Editor in 0.92 ms, found 0 plugins.
Preloading 0 native plugins for Editor in 0.00 ms.
Unloading 2378 Unused Serialized files (Serialized files now loaded: 0)
System memory in use before: 130.9 MB.
System memory in use after: 129.2 MB.

Unloading 31 unused Assets to reduce memory usage. Loaded Objects now: 2964.
Total: 12.633300 ms (FindLiveObjects: 0.648000 ms CreateObjectMapping: 0.306700 ms MarkObjects: 9.952700 ms  DeleteObjects: 1.723200 ms)

========================================================================
Received Prepare
Registering precompiled user dll's ...
Registered in 0.001589 seconds.
Begin MonoManager ReloadAssembly
Native extension for WindowsStandalone target not found
Native extension for OSXStandalone target not found
Refreshing native plugins compatible for Editor in 1.02 ms, found 0 plugins.
Preloading 0 native plugins for Editor in 0.00 ms.
Invoked RoslynAnalysisRunner static constructor.
RoslynAnalysisRunner will not be running.
RoslynAnalysisRunner has terminated.
Mono: successfully reloaded assembly
- Completed reload, in  1.517 seconds
Platform modules already initialized, skipping
Shader 'Universal Render Pipeline/Particles/Lit': fallback shader 'Universal Render Pipeline/Particles/SimpleLit' not found
Shader 'Universal Render Pipeline/Particles/Lit': fallback shader 'Universal Render Pipeline/Particles/SimpleLit' not found
Refreshing native plugins compatible for Editor in 0.52 ms, found 0 plugins.
Preloading 0 native plugins for Editor in 0.00 ms.
Unloading 2378 Unused Serialized files (Serialized files now loaded: 0)
System memory in use before: 130.9 MB.
System memory in use after: 129.2 MB.

Unloading 31 unused Assets to reduce memory usage. Loaded Objects now: 2966.
Total: 6.263800 ms (FindLiveObjects: 0.324300 ms CreateObjectMapping: 0.086200 ms MarkObjects: 3.428300 ms  DeleteObjects: 2.422300 ms)

========================================================================
Received Prepare
Registering precompiled user dll's ...
Registered in 0.001676 seconds.
Begin MonoManager ReloadAssembly
Native extension for WindowsStandalone target not found
Native extension for OSXStandalone target not found
Refreshing native plugins compatible for Editor in 0.82 ms, found 0 plugins.
Preloading 0 native plugins for Editor in 0.00 ms.
Invoked RoslynAnalysisRunner static constructor.
RoslynAnalysisRunner will not be running.
RoslynAnalysisRunner has terminated.
Mono: successfully reloaded assembly
- Completed reload, in  1.100 seconds
Platform modules already initialized, skipping
Shader 'Universal Render Pipeline/Particles/Lit': fallback shader 'Universal Render Pipeline/Particles/SimpleLit' not found
Shader 'Universal Render Pipeline/Particles/Lit': fallback shader 'Universal Render Pipeline/Particles/SimpleLit' not found
Refreshing native plugins compatible for Editor in 0.54 ms, found 0 plugins.
Preloading 0 native plugins for Editor in 0.00 ms.
Unloading 2378 Unused Serialized files (Serialized files now loaded: 0)
System memory in use before: 130.9 MB.
System memory in use after: 129.2 MB.

Unloading 31 unused Assets to reduce memory usage. Loaded Objects now: 2968.
Total: 5.692700 ms (FindLiveObjects: 0.343800 ms CreateObjectMapping: 0.097300 ms MarkObjects: 3.525300 ms  DeleteObjects: 1.724400 ms)

========================================================================
Received Prepare
Registering precompiled user dll's ...
Registered in 0.001205 seconds.
Begin MonoManager ReloadAssembly
Native extension for WindowsStandalone target not found
Native extension for OSXStandalone target not found
Refreshing native plugins compatible for Editor in 0.52 ms, found 0 plugins.
Preloading 0 native plugins for Editor in 0.00 ms.
Invoked RoslynAnalysisRunner static constructor.
RoslynAnalysisRunner will not be running.
RoslynAnalysisRunner has terminated.
Mono: successfully reloaded assembly
- Completed reload, in  0.900 seconds
Platform modules already initialized, skipping
Shader 'Universal Render Pipeline/Particles/Lit': fallback shader 'Universal Render Pipeline/Particles/SimpleLit' not found
Shader 'Universal Render Pipeline/Particles/Lit': fallback shader 'Universal Render Pipeline/Particles/SimpleLit' not found
Refreshing native plugins compatible for Editor in 0.62 ms, found 0 plugins.
Preloading 0 native plugins for Editor in 0.00 ms.
Unloading 2378 Unused Serialized files (Serialized files now loaded: 0)
System memory in use before: 130.8 MB.
System memory in use after: 129.1 MB.

Unloading 31 unused Assets to reduce memory usage. Loaded Objects now: 2970.
Total: 4.299700 ms (FindLiveObjects: 0.307300 ms CreateObjectMapping: 0.067600 ms MarkObjects: 2.360500 ms  DeleteObjects: 1.562400 ms)

========================================================================
Received Prepare
Registering precompiled user dll's ...
Registered in 0.001615 seconds.
Begin MonoManager ReloadAssembly
Native extension for WindowsStandalone target not found
Native extension for OSXStandalone target not found
Refreshing native plugins compatible for Editor in 0.85 ms, found 0 plugins.
Preloading 0 native plugins for Editor in 0.00 ms.
Invoked RoslynAnalysisRunner static constructor.
RoslynAnalysisRunner will not be running.
RoslynAnalysisRunner has terminated.
Mono: successfully reloaded assembly
- Completed reload, in  1.284 seconds
Platform modules already initialized, skipping
Shader 'Universal Render Pipeline/Particles/Lit': fallback shader 'Universal Render Pipeline/Particles/SimpleLit' not found
Shader 'Universal Render Pipeline/Particles/Lit': fallback shader 'Universal Render Pipeline/Particles/SimpleLit' not found
Refreshing native plugins compatible for Editor in 0.80 ms, found 0 plugins.
Preloading 0 native plugins for Editor in 0.00 ms.
Unloading 2378 Unused Serialized files (Serialized files now loaded: 0)
System memory in use before: 130.9 MB.
System memory in use after: 129.2 MB.

Unloading 31 unused Assets to reduce memory usage. Loaded Objects now: 2972.
Total: 8.053600 ms (FindLiveObjects: 1.066400 ms CreateObjectMapping: 0.416800 ms MarkObjects: 4.717600 ms  DeleteObjects: 1.850200 ms)

========================================================================
Received Prepare
Registering precompiled user dll's ...
Registered in 0.001866 seconds.
Begin MonoManager ReloadAssembly
Native extension for WindowsStandalone target not found
Native extension for OSXStandalone target not found
Refreshing native plugins compatible for Editor in 0.81 ms, found 0 plugins.
Preloading 0 native plugins for Editor in 0.00 ms.
Invoked RoslynAnalysisRunner static constructor.
RoslynAnalysisRunner will not be running.
RoslynAnalysisRunner has terminated.
Mono: successfully reloaded assembly
- Completed reload, in  1.153 seconds
Platform modules already initialized, skipping
Shader 'Universal Render Pipeline/Particles/Lit': fallback shader 'Universal Render Pipeline/Particles/SimpleLit' not found
Shader 'Universal Render Pipeline/Particles/Lit': fallback shader 'Universal Render Pipeline/Particles/SimpleLit' not found
Refreshing native plugins compatible for Editor in 0.78 ms, found 0 plugins.
Preloading 0 native plugins for Editor in 0.00 ms.
Unloading 2378 Unused Serialized files (Serialized files now loaded: 0)
System memory in use before: 130.9 MB.
System memory in use after: 129.2 MB.

Unloading 31 unused Assets to reduce memory usage. Loaded Objects now: 2974.
Total: 5.643700 ms (FindLiveObjects: 0.483400 ms CreateObjectMapping: 0.159500 ms MarkObjects: 2.587400 ms  DeleteObjects: 2.411600 ms)

